Using pre-set license
Built from '2022.3/release' branch; Version is '2022.3.18f1 (d29bea25151d) revision 13802474'; Using compiler version '192829333'; Build Type 'Release'
OS: 'Windows 11  (10.0.22631) 64bit Professional' Language: 'fr' Physical Memory: 32471 MB
BatchMode: 1, IsHumanControllingUs: 0, StartBugReporterOnCrash: 0, Is64bit: 1, IsPro: 1

COMMAND LINE ARGUMENTS:
C:\Program Files\Unity\Hub\Editor\2022.3.18f1\Editor\Unity.exe
-adb2
-batchMode
-noUpm
-name
AssetImportWorker1
-projectPath
C:/Users/doria/OneDrive/Bureau/YNOV/B2_Info/ProjetsYdays/YFIGHTER-Unity/YFIGHTER
-logFile
Logs/AssetImportWorker1.log
-srvPort
52820
Successfully changed project path to: C:/Users/doria/OneDrive/Bureau/YNOV/B2_Info/ProjetsYdays/YFIGHTER-Unity/YFIGHTER
C:/Users/doria/OneDrive/Bureau/YNOV/B2_Info/ProjetsYdays/YFIGHTER-Unity/YFIGHTER
[UnityMemory] Configuration Parameters - Can be set up in boot.config
    "memorysetup-bucket-allocator-granularity=16"
    "memorysetup-bucket-allocator-bucket-count=8"
    "memorysetup-bucket-allocator-block-size=33554432"
    "memorysetup-bucket-allocator-block-count=8"
    "memorysetup-main-allocator-block-size=16777216"
    "memorysetup-thread-allocator-block-size=16777216"
    "memorysetup-gfx-main-allocator-block-size=16777216"
    "memorysetup-gfx-thread-allocator-block-size=16777216"
    "memorysetup-cache-allocator-block-size=4194304"
    "memorysetup-typetree-allocator-block-size=2097152"
    "memorysetup-profiler-bucket-allocator-granularity=16"
    "memorysetup-profiler-bucket-allocator-bucket-count=8"
    "memorysetup-profiler-bucket-allocator-block-size=33554432"
    "memorysetup-profiler-bucket-allocator-block-count=8"
    "memorysetup-profiler-allocator-block-size=16777216"
    "memorysetup-profiler-editor-allocator-block-size=1048576"
    "memorysetup-temp-allocator-size-main=16777216"
    "memorysetup-job-temp-allocator-block-size=2097152"
    "memorysetup-job-temp-allocator-block-size-background=1048576"
    "memorysetup-job-temp-allocator-reduction-small-platforms=262144"
    "memorysetup-allocator-temp-initial-block-size-main=262144"
    "memorysetup-allocator-temp-initial-block-size-worker=262144"
    "memorysetup-temp-allocator-size-background-worker=32768"
    "memorysetup-temp-allocator-size-job-worker=262144"
    "memorysetup-temp-allocator-size-preload-manager=33554432"
    "memorysetup-temp-allocator-size-nav-mesh-worker=65536"
    "memorysetup-temp-allocator-size-audio-worker=65536"
    "memorysetup-temp-allocator-size-cloud-worker=32768"
    "memorysetup-temp-allocator-size-gi-baking-worker=262144"
    "memorysetup-temp-allocator-size-gfx=262144"
Player connection [21376] Host "[IP] 192.168.56.1 [Port] 0 [Flags] 2 [Guid] 2952386309 [EditorId] 2952386309 [Version] 1048832 [Id] WindowsEditor(7,DORIAN) [Debug] 1 [PackageName] WindowsEditor [ProjectName] Editor" joined multi-casting on [225.0.0.222:54997]...

Player connection [21376] Host "[IP] 192.168.56.1 [Port] 0 [Flags] 2 [Guid] 2952386309 [EditorId] 2952386309 [Version] 1048832 [Id] WindowsEditor(7,DORIAN) [Debug] 1 [PackageName] WindowsEditor [ProjectName] Editor" joined alternative multi-casting on [225.0.0.222:34997]...

[Physics::Module] Initialized MultithreadedJobDispatcher with 11 workers.
Refreshing native plugins compatible for Editor in 10.13 ms, found 3 plugins.
Preloading 0 native plugins for Editor in 0.00 ms.
Initialize engine version: 2022.3.18f1 (d29bea25151d)
[Subsystems] Discovering subsystems at path C:/Program Files/Unity/Hub/Editor/2022.3.18f1/Editor/Data/Resources/UnitySubsystems
[Subsystems] Discovering subsystems at path C:/Users/doria/OneDrive/Bureau/YNOV/B2_Info/ProjetsYdays/YFIGHTER-Unity/YFIGHTER/Assets
GfxDevice: creating device client; threaded=0; jobified=0
Direct3D:
    Version:  Direct3D 11.0 [level 11.1]
    Renderer: NVIDIA GeForce RTX 2050 (ID=0x25ad)
    Vendor:   NVIDIA
    VRAM:     3977 MB
    Driver:   31.0.15.4617
Initialize mono
Mono path[0] = 'C:/Program Files/Unity/Hub/Editor/2022.3.18f1/Editor/Data/Managed'
Mono path[1] = 'C:/Program Files/Unity/Hub/Editor/2022.3.18f1/Editor/Data/MonoBleedingEdge/lib/mono/unityjit-win32'
Mono config path = 'C:/Program Files/Unity/Hub/Editor/2022.3.18f1/Editor/Data/MonoBleedingEdge/etc'
Using monoOptions --debugger-agent=transport=dt_socket,embedding=1,server=y,suspend=n,address=127.0.0.1:56224
Begin MonoManager ReloadAssembly
Registering precompiled unity dll's ...
Register platform support module: C:/Program Files/Unity/Hub/Editor/2022.3.18f1/Editor/Data/PlaybackEngines/WindowsStandaloneSupport/UnityEditor.WindowsStandalone.Extensions.dll
Registered in 0.012382 seconds.
- Loaded All Assemblies, in  0.425 seconds
Native extension for WindowsStandalone target not found
Mono: successfully reloaded assembly
- Finished resetting the current domain, in  0.342 seconds
Domain Reload Profiling: 766ms
	BeginReloadAssembly (129ms)
		ExecutionOrderSort (0ms)
		DisableScriptedObjects (0ms)
		BackupInstance (0ms)
		ReleaseScriptingObjects (0ms)
		CreateAndSetChildDomain (1ms)
	RebuildCommonClasses (42ms)
	RebuildNativeTypeToScriptingClass (14ms)
	initialDomainReloadingComplete (77ms)
	LoadAllAssembliesAndSetupDomain (161ms)
		LoadAssemblies (127ms)
		RebuildTransferFunctionScriptingTraits (0ms)
		AnalyzeDomain (159ms)
			TypeCache.Refresh (157ms)
				TypeCache.ScanAssembly (145ms)
			ScanForSourceGeneratedMonoScriptInfo (0ms)
			ResolveRequiredComponents (1ms)
	FinalizeReload (343ms)
		ReleaseScriptCaches (0ms)
		RebuildScriptCaches (0ms)
		SetupLoadedEditorAssemblies (269ms)
			LogAssemblyErrors (0ms)
			InitializePlatformSupportModulesInManaged (8ms)
			SetLoadedEditorAssemblies (12ms)
			RefreshPlugins (0ms)
			BeforeProcessingInitializeOnLoad (2ms)
			ProcessInitializeOnLoadAttributes (187ms)
			ProcessInitializeOnLoadMethodAttributes (60ms)
			AfterProcessingInitializeOnLoad (0ms)
			EditorAssembliesLoaded (0ms)
		ExecutionOrderSort2 (0ms)
		AwakeInstancesAfterBackupRestoration (0ms)
========================================================================
Worker process is ready to serve import requests
Begin MonoManager ReloadAssembly
Symbol file data-0000022860E22F40 doesn't match image C:\Users\doria\OneDrive\Bureau\YNOV\B2_Info\ProjetsYdays\YFIGHTER-Unity\YFIGHTER\Library\ScriptAssemblies\Assembly-CSharp.dll
Symbol file LoadedFromMemory is not a mono symbol file
Symbol file data-0000022860145010 doesn't match image C:\Users\doria\OneDrive\Bureau\YNOV\B2_Info\ProjetsYdays\YFIGHTER-Unity\YFIGHTER\Library\ScriptAssemblies\Unity.Timeline.dll
Symbol file LoadedFromMemory is not a mono symbol file
Symbol file data-0000022860E0DE50 doesn't match image C:\Users\doria\OneDrive\Bureau\YNOV\B2_Info\ProjetsYdays\YFIGHTER-Unity\YFIGHTER\Library\ScriptAssemblies\Unity.TestTools.CodeCoverage.Editor.OpenCover.Mono.Reflection.dll
Symbol file LoadedFromMemory is not a mono symbol file
Symbol file data-00000229BC063620 doesn't match image C:\Users\doria\OneDrive\Bureau\YNOV\B2_Info\ProjetsYdays\YFIGHTER-Unity\YFIGHTER\Library\ScriptAssemblies\UnityEngine.UI.dll
Symbol file LoadedFromMemory is not a mono symbol file
Symbol file data-0000022860E27140 doesn't match image C:\Users\doria\OneDrive\Bureau\YNOV\B2_Info\ProjetsYdays\YFIGHTER-Unity\YFIGHTER\Library\ScriptAssemblies\Unity.EditorCoroutines.Editor.dll
Symbol file LoadedFromMemory is not a mono symbol file
Symbol file data-0000022860E0DE50 doesn't match image C:\Users\doria\OneDrive\Bureau\YNOV\B2_Info\ProjetsYdays\YFIGHTER-Unity\YFIGHTER\Library\ScriptAssemblies\Unity.VisualScripting.SettingsProvider.Editor.dll
Symbol file LoadedFromMemory is not a mono symbol file
Symbol file data-00000229BC083630 doesn't match image C:\Users\doria\OneDrive\Bureau\YNOV\B2_Info\ProjetsYdays\YFIGHTER-Unity\YFIGHTER\Library\ScriptAssemblies\Unity.Performance.Profile-Analyzer.Editor.dll
Symbol file LoadedFromMemory is not a mono symbol file
Symbol file data-0000022861D58440 doesn't match image C:\Users\doria\OneDrive\Bureau\YNOV\B2_Info\ProjetsYdays\YFIGHTER-Unity\YFIGHTER\Library\ScriptAssemblies\Unity.TestTools.CodeCoverage.Editor.dll
Symbol file LoadedFromMemory is not a mono symbol file
Symbol file data-0000022860E14860 doesn't match image C:\Users\doria\OneDrive\Bureau\YNOV\B2_Info\ProjetsYdays\YFIGHTER-Unity\YFIGHTER\Library\ScriptAssemblies\Unity.TestTools.CodeCoverage.Editor.OpenCover.Model.dll
Symbol file LoadedFromMemory is not a mono symbol file
Symbol file data-00000228617B5010 doesn't match image C:\Users\doria\OneDrive\Bureau\YNOV\B2_Info\ProjetsYdays\YFIGHTER-Unity\YFIGHTER\Library\ScriptAssemblies\Unity.PlasticSCM.Editor.dll
Symbol file LoadedFromMemory is not a mono symbol file
Symbol file data-0000022861D58440 doesn't match image C:\Users\doria\OneDrive\Bureau\YNOV\B2_Info\ProjetsYdays\YFIGHTER-Unity\YFIGHTER\Library\ScriptAssemblies\UnityEngine.TestRunner.dll
Symbol file LoadedFromMemory is not a mono symbol file
Symbol file data-00000229BC083630 doesn't match image C:\Users\doria\OneDrive\Bureau\YNOV\B2_Info\ProjetsYdays\YFIGHTER-Unity\YFIGHTER\Library\ScriptAssemblies\Unity.VisualScripting.State.Editor.dll
Symbol file LoadedFromMemory is not a mono symbol file
Symbol file data-00000228617D5E20 doesn't match image C:\Users\doria\OneDrive\Bureau\YNOV\B2_Info\ProjetsYdays\YFIGHTER-Unity\YFIGHTER\Library\ScriptAssemblies\Unity.Timeline.Editor.dll
Symbol file LoadedFromMemory is not a mono symbol file
Symbol file data-0000022861831980 doesn't match image C:\Users\doria\OneDrive\Bureau\YNOV\B2_Info\ProjetsYdays\YFIGHTER-Unity\YFIGHTER\Library\ScriptAssemblies\Unity.Settings.Editor.dll
Symbol file LoadedFromMemory is not a mono symbol file
Symbol file data-0000022860E14860 doesn't match image C:\Users\doria\OneDrive\Bureau\YNOV\B2_Info\ProjetsYdays\YFIGHTER-Unity\YFIGHTER\Library\ScriptAssemblies\Unity.VisualScripting.Shared.Editor.dll
Symbol file LoadedFromMemory is not a mono symbol file
Symbol file data-0000022860E14860 doesn't match image C:\Users\doria\OneDrive\Bureau\YNOV\B2_Info\ProjetsYdays\YFIGHTER-Unity\YFIGHTER\Library\ScriptAssemblies\Unity.CollabProxy.Editor.dll
Symbol file LoadedFromMemory is not a mono symbol file
Symbol file data-00000228617D5E20 doesn't match image C:\Users\doria\OneDrive\Bureau\YNOV\B2_Info\ProjetsYdays\YFIGHTER-Unity\YFIGHTER\Library\ScriptAssemblies\Unity.VisualStudio.Editor.dll
Symbol file LoadedFromMemory is not a mono symbol file
Symbol file data-00000228617D5E20 doesn't match image C:\Users\doria\OneDrive\Bureau\YNOV\B2_Info\ProjetsYdays\YFIGHTER-Unity\YFIGHTER\Library\ScriptAssemblies\Unity.TextMeshPro.dll
Symbol file LoadedFromMemory is not a mono symbol file
Symbol file data-00000228617D5E20 doesn't match image C:\Users\doria\OneDrive\Bureau\YNOV\B2_Info\ProjetsYdays\YFIGHTER-Unity\YFIGHTER\Library\ScriptAssemblies\Unity.VisualScripting.Core.dll
Symbol file LoadedFromMemory is not a mono symbol file
Symbol file data-0000022861AD2430 doesn't match image C:\Users\doria\OneDrive\Bureau\YNOV\B2_Info\ProjetsYdays\YFIGHTER-Unity\YFIGHTER\Library\ScriptAssemblies\Unity.TextMeshPro.Editor.dll
Symbol file LoadedFromMemory is not a mono symbol file
Symbol file data-00000229BC095A50 doesn't match image C:\Users\doria\OneDrive\Bureau\YNOV\B2_Info\ProjetsYdays\YFIGHTER-Unity\YFIGHTER\Library\ScriptAssemblies\UnityEditor.UI.dll
Symbol file LoadedFromMemory is not a mono symbol file
Symbol file data-0000022861995020 doesn't match image C:\Users\doria\OneDrive\Bureau\YNOV\B2_Info\ProjetsYdays\YFIGHTER-Unity\YFIGHTER\Library\ScriptAssemblies\Unity.VisualScripting.Core.Editor.dll
Symbol file LoadedFromMemory is not a mono symbol file
Symbol file data-00000229BC095A50 doesn't match image C:\Users\doria\OneDrive\Bureau\YNOV\B2_Info\ProjetsYdays\YFIGHTER-Unity\YFIGHTER\Library\ScriptAssemblies\Unity.Rider.Editor.dll
Symbol file LoadedFromMemory is not a mono symbol file
Symbol file data-0000022861AEA240 doesn't match image C:\Users\doria\OneDrive\Bureau\YNOV\B2_Info\ProjetsYdays\YFIGHTER-Unity\YFIGHTER\Library\ScriptAssemblies\Unity.VisualScripting.State.dll
Symbol file LoadedFromMemory is not a mono symbol file
Symbol file data-0000022861494620 doesn't match image C:\Users\doria\OneDrive\Bureau\YNOV\B2_Info\ProjetsYdays\YFIGHTER-Unity\YFIGHTER\Library\ScriptAssemblies\Unity.VSCode.Editor.dll
Symbol file LoadedFromMemory is not a mono symbol file
Symbol file data-00000228619CC630 doesn't match image C:\Users\doria\OneDrive\Bureau\YNOV\B2_Info\ProjetsYdays\YFIGHTER-Unity\YFIGHTER\Library\ScriptAssemblies\UnityEditor.TestRunner.dll
Symbol file LoadedFromMemory is not a mono symbol file
Symbol file data-00000228619CC630 doesn't match image C:\Users\doria\OneDrive\Bureau\YNOV\B2_Info\ProjetsYdays\YFIGHTER-Unity\YFIGHTER\Library\ScriptAssemblies\Unity.VisualScripting.Flow.dll
Symbol file LoadedFromMemory is not a mono symbol file
Symbol file data-00000228618F2030 doesn't match image C:\Users\doria\OneDrive\Bureau\YNOV\B2_Info\ProjetsYdays\YFIGHTER-Unity\YFIGHTER\Library\ScriptAssemblies\Unity.VisualScripting.Flow.Editor.dll
Symbol file LoadedFromMemory is not a mono symbol file
- Loaded All Assemblies, in  0.614 seconds
Refreshing native plugins compatible for Editor in 3.35 ms, found 3 plugins.
Native extension for WindowsStandalone target not found
Package Manager log level set to [2]
[Package Manager] Server::EnsureServerProcessIsRunning -- launch failed, reason: Unity was launched with the -noUpm command-line argument
[Package Manager] UpmClient::Send -- Unable to send message (not connected to UPM process).
[Package Manager] Cannot connect to Unity Package Manager local server
Mono: successfully reloaded assembly
- Finished resetting the current domain, in  0.760 seconds
Domain Reload Profiling: 1371ms
	BeginReloadAssembly (148ms)
		ExecutionOrderSort (0ms)
		DisableScriptedObjects (6ms)
		BackupInstance (0ms)
		ReleaseScriptingObjects (0ms)
		CreateAndSetChildDomain (18ms)
	RebuildCommonClasses (34ms)
	RebuildNativeTypeToScriptingClass (9ms)
	initialDomainReloadingComplete (47ms)
	LoadAllAssembliesAndSetupDomain (374ms)
		LoadAssemblies (284ms)
		RebuildTransferFunctionScriptingTraits (0ms)
		AnalyzeDomain (168ms)
			TypeCache.Refresh (147ms)
				TypeCache.ScanAssembly (135ms)
			ScanForSourceGeneratedMonoScriptInfo (14ms)
			ResolveRequiredComponents (5ms)
	FinalizeReload (761ms)
		ReleaseScriptCaches (0ms)
		RebuildScriptCaches (0ms)
		SetupLoadedEditorAssemblies (614ms)
			LogAssemblyErrors (0ms)
			InitializePlatformSupportModulesInManaged (5ms)
			SetLoadedEditorAssemblies (3ms)
			RefreshPlugins (0ms)
			BeforeProcessingInitializeOnLoad (57ms)
			ProcessInitializeOnLoadAttributes (520ms)
			ProcessInitializeOnLoadMethodAttributes (21ms)
			AfterProcessingInitializeOnLoad (7ms)
			EditorAssembliesLoaded (0ms)
		ExecutionOrderSort2 (0ms)
		AwakeInstancesAfterBackupRestoration (8ms)
Launched and connected shader compiler UnityShaderCompiler.exe after 0.04 seconds
Refreshing native plugins compatible for Editor in 4.00 ms, found 3 plugins.
Preloading 0 native plugins for Editor in 0.00 ms.
Unloading 3491 Unused Serialized files (Serialized files now loaded: 0)
Unloading 39 unused Assets / (57.9 KB). Loaded Objects now: 3957.
Memory consumption went from 134.9 MB to 134.8 MB.
Total: 3.123500 ms (FindLiveObjects: 0.224400 ms CreateObjectMapping: 0.143800 ms MarkObjects: 2.600700 ms  DeleteObjects: 0.153200 ms)

AssetImportParameters requested are different than current active one (requested -> active):
  custom:container-demuxer-ogg: 62fdf1f143b41e24485cea50d1cbac27 -> 
  custom:video-codec-MediaFoundation-h265: 746d11721c4dcdbdad8f713fa42b33f4 -> 
  custom:video-decoder-ogg-theora: a1e56fd34408186e4bbccfd4996cb3dc -> 
  custom:framework-win-MediaFoundation: 216162199b28c13a410421893ffa2e32 -> 
  custom:CustomObjectIndexerAttribute: 6d391050e5a25f67b0a2c618074f2cd9 -> 
  custom:container-demuxer-webm: 4f35f7cbe854078d1ac9338744f61a02 -> 
  custom:container-muxer-webm: aa71ff27fc2769a1b78a27578f13a17b -> 
  custom:video-decoder-webm-vp8: 9c59270c3fd7afecdb556c50c9e8de78 -> 
  custom:SearchIndexIgnoredProperties: e643bd26f0fe6173181afceb89e7c659 -> 
  custom:AudioImporter_EditorPlatform: d09bf68614088b80899f8185d706f6e7 -> 
  custom:video-encoder-webm-vp8: eb34c28f22e8b96e1ab97ce403110664 -> 
  custom:audio-decoder-ogg-vorbis: bf7c407c2cedff20999df2af8eb42d56 -> 
  custom:audio-encoder-webm-vorbis: bf7c407c2cedff20999df2af8eb42d56 -> 
========================================================================
Received Import Request.
  Time since last request: 803631.961312 seconds.
  path: Assets/Prefabs/Character1.prefab
  artifactKey: Guid(e983a848c8a41f6459d2229aff78da2c) Importer(815301076,1909f56bfc062723c751e8b465ee728b)
Start importing Assets/Prefabs/Character1.prefab using Guid(e983a848c8a41f6459d2229aff78da2c) Importer(815301076,1909f56bfc062723c751e8b465ee728b)  -> (artifact id: 'bb17b131502240d6299eb7e4c7750044') in 0.100309 seconds
Number of updated asset objects reloaded before import = 0
Number of asset objects unloaded after import = 8
========================================================================
Received Prepare
Begin MonoManager ReloadAssembly
Symbol file data-00000228606B0A10 doesn't match image C:\Users\doria\OneDrive\Bureau\YNOV\B2_Info\ProjetsYdays\YFIGHTER-Unity\YFIGHTER\Library\ScriptAssemblies\Assembly-CSharp.dll
Symbol file LoadedFromMemory is not a mono symbol file
Symbol file data-0000022860ACF010 doesn't match image C:\Users\doria\OneDrive\Bureau\YNOV\B2_Info\ProjetsYdays\YFIGHTER-Unity\YFIGHTER\Library\ScriptAssemblies\Unity.Timeline.dll
Symbol file LoadedFromMemory is not a mono symbol file
Symbol file data-0000022860504450 doesn't match image C:\Users\doria\OneDrive\Bureau\YNOV\B2_Info\ProjetsYdays\YFIGHTER-Unity\YFIGHTER\Library\ScriptAssemblies\Unity.TestTools.CodeCoverage.Editor.OpenCover.Mono.Reflection.dll
Symbol file LoadedFromMemory is not a mono symbol file
Symbol file data-000002286BA89030 doesn't match image C:\Users\doria\OneDrive\Bureau\YNOV\B2_Info\ProjetsYdays\YFIGHTER-Unity\YFIGHTER\Library\ScriptAssemblies\UnityEngine.UI.dll
Symbol file LoadedFromMemory is not a mono symbol file
Symbol file data-0000022860504450 doesn't match image C:\Users\doria\OneDrive\Bureau\YNOV\B2_Info\ProjetsYdays\YFIGHTER-Unity\YFIGHTER\Library\ScriptAssemblies\Unity.EditorCoroutines.Editor.dll
Symbol file LoadedFromMemory is not a mono symbol file
Symbol file data-00000228605C5CB0 doesn't match image C:\Users\doria\OneDrive\Bureau\YNOV\B2_Info\ProjetsYdays\YFIGHTER-Unity\YFIGHTER\Library\ScriptAssemblies\Unity.VisualScripting.SettingsProvider.Editor.dll
Symbol file LoadedFromMemory is not a mono symbol file
Symbol file data-000002286D758FB0 doesn't match image C:\Users\doria\OneDrive\Bureau\YNOV\B2_Info\ProjetsYdays\YFIGHTER-Unity\YFIGHTER\Library\ScriptAssemblies\Unity.Performance.Profile-Analyzer.Editor.dll
Symbol file LoadedFromMemory is not a mono symbol file
Symbol file data-0000022860393010 doesn't match image C:\Users\doria\OneDrive\Bureau\YNOV\B2_Info\ProjetsYdays\YFIGHTER-Unity\YFIGHTER\Library\ScriptAssemblies\Unity.TestTools.CodeCoverage.Editor.dll
Symbol file LoadedFromMemory is not a mono symbol file
Symbol file data-00000228622A2010 doesn't match image C:\Users\doria\OneDrive\Bureau\YNOV\B2_Info\ProjetsYdays\YFIGHTER-Unity\YFIGHTER\Library\ScriptAssemblies\Unity.TestTools.CodeCoverage.Editor.OpenCover.Model.dll
Symbol file LoadedFromMemory is not a mono symbol file
Symbol file data-0000022862E5A030 doesn't match image C:\Users\doria\OneDrive\Bureau\YNOV\B2_Info\ProjetsYdays\YFIGHTER-Unity\YFIGHTER\Library\ScriptAssemblies\Unity.PlasticSCM.Editor.dll
Symbol file LoadedFromMemory is not a mono symbol file
Symbol file data-00000228608DC020 doesn't match image C:\Users\doria\OneDrive\Bureau\YNOV\B2_Info\ProjetsYdays\YFIGHTER-Unity\YFIGHTER\Library\ScriptAssemblies\UnityEngine.TestRunner.dll
Symbol file LoadedFromMemory is not a mono symbol file
Symbol file data-000002286BE82D00 doesn't match image C:\Users\doria\OneDrive\Bureau\YNOV\B2_Info\ProjetsYdays\YFIGHTER-Unity\YFIGHTER\Library\ScriptAssemblies\Unity.VisualScripting.State.Editor.dll
Symbol file LoadedFromMemory is not a mono symbol file
Symbol file data-0000022860CE2010 doesn't match image C:\Users\doria\OneDrive\Bureau\YNOV\B2_Info\ProjetsYdays\YFIGHTER-Unity\YFIGHTER\Library\ScriptAssemblies\Unity.Timeline.Editor.dll
Symbol file LoadedFromMemory is not a mono symbol file
Symbol file data-00000228622A2010 doesn't match image C:\Users\doria\OneDrive\Bureau\YNOV\B2_Info\ProjetsYdays\YFIGHTER-Unity\YFIGHTER\Library\ScriptAssemblies\Unity.Settings.Editor.dll
Symbol file LoadedFromMemory is not a mono symbol file
Symbol file data-00000228622A2010 doesn't match image C:\Users\doria\OneDrive\Bureau\YNOV\B2_Info\ProjetsYdays\YFIGHTER-Unity\YFIGHTER\Library\ScriptAssemblies\Unity.VisualScripting.Shared.Editor.dll
Symbol file LoadedFromMemory is not a mono symbol file
Symbol file data-00000228622A2010 doesn't match image C:\Users\doria\OneDrive\Bureau\YNOV\B2_Info\ProjetsYdays\YFIGHTER-Unity\YFIGHTER\Library\ScriptAssemblies\Unity.CollabProxy.Editor.dll
Symbol file LoadedFromMemory is not a mono symbol file
Symbol file data-0000022860393010 doesn't match image C:\Users\doria\OneDrive\Bureau\YNOV\B2_Info\ProjetsYdays\YFIGHTER-Unity\YFIGHTER\Library\ScriptAssemblies\Unity.VisualStudio.Editor.dll
Symbol file LoadedFromMemory is not a mono symbol file
Symbol file data-000002286333E020 doesn't match image C:\Users\doria\OneDrive\Bureau\YNOV\B2_Info\ProjetsYdays\YFIGHTER-Unity\YFIGHTER\Library\ScriptAssemblies\Unity.TextMeshPro.dll
Symbol file LoadedFromMemory is not a mono symbol file
Symbol file data-000002286333E020 doesn't match image C:\Users\doria\OneDrive\Bureau\YNOV\B2_Info\ProjetsYdays\YFIGHTER-Unity\YFIGHTER\Library\ScriptAssemblies\Unity.VisualScripting.Core.dll
Symbol file LoadedFromMemory is not a mono symbol file
Symbol file data-000002286085BE40 doesn't match image C:\Users\doria\OneDrive\Bureau\YNOV\B2_Info\ProjetsYdays\YFIGHTER-Unity\YFIGHTER\Library\ScriptAssemblies\Unity.TextMeshPro.Editor.dll
Symbol file LoadedFromMemory is not a mono symbol file
Symbol file data-000002286BE82D00 doesn't match image C:\Users\doria\OneDrive\Bureau\YNOV\B2_Info\ProjetsYdays\YFIGHTER-Unity\YFIGHTER\Library\ScriptAssemblies\UnityEditor.UI.dll
Symbol file LoadedFromMemory is not a mono symbol file
Symbol file data-0000022863390020 doesn't match image C:\Users\doria\OneDrive\Bureau\YNOV\B2_Info\ProjetsYdays\YFIGHTER-Unity\YFIGHTER\Library\ScriptAssemblies\Unity.VisualScripting.Core.Editor.dll
Symbol file LoadedFromMemory is not a mono symbol file
Symbol file data-000002286BE82D00 doesn't match image C:\Users\doria\OneDrive\Bureau\YNOV\B2_Info\ProjetsYdays\YFIGHTER-Unity\YFIGHTER\Library\ScriptAssemblies\Unity.Rider.Editor.dll
Symbol file LoadedFromMemory is not a mono symbol file
Symbol file data-0000022862B4A030 doesn't match image C:\Users\doria\OneDrive\Bureau\YNOV\B2_Info\ProjetsYdays\YFIGHTER-Unity\YFIGHTER\Library\ScriptAssemblies\Unity.VisualScripting.State.dll
Symbol file LoadedFromMemory is not a mono symbol file
Symbol file data-0000022862B4A030 doesn't match image C:\Users\doria\OneDrive\Bureau\YNOV\B2_Info\ProjetsYdays\YFIGHTER-Unity\YFIGHTER\Library\ScriptAssemblies\Unity.VSCode.Editor.dll
Symbol file LoadedFromMemory is not a mono symbol file
Symbol file data-0000022861754E20 doesn't match image C:\Users\doria\OneDrive\Bureau\YNOV\B2_Info\ProjetsYdays\YFIGHTER-Unity\YFIGHTER\Library\ScriptAssemblies\UnityEditor.TestRunner.dll
Symbol file LoadedFromMemory is not a mono symbol file
Symbol file data-0000022861941020 doesn't match image C:\Users\doria\OneDrive\Bureau\YNOV\B2_Info\ProjetsYdays\YFIGHTER-Unity\YFIGHTER\Library\ScriptAssemblies\Unity.VisualScripting.Flow.dll
Symbol file LoadedFromMemory is not a mono symbol file
Symbol file data-0000022861754E20 doesn't match image C:\Users\doria\OneDrive\Bureau\YNOV\B2_Info\ProjetsYdays\YFIGHTER-Unity\YFIGHTER\Library\ScriptAssemblies\Unity.VisualScripting.Flow.Editor.dll
Symbol file LoadedFromMemory is not a mono symbol file
- Loaded All Assemblies, in  0.389 seconds
Refreshing native plugins compatible for Editor in 2.82 ms, found 3 plugins.
Native extension for WindowsStandalone target not found
[Package Manager] Server::EnsureServerProcessIsRunning -- launch failed, reason: Unity was launched with the -noUpm command-line argument
[Package Manager] UpmClient::Send -- Unable to send message (not connected to UPM process).
[Package Manager] Cannot connect to Unity Package Manager local server
Mono: successfully reloaded assembly
- Finished resetting the current domain, in  1.080 seconds
Domain Reload Profiling: 1466ms
	BeginReloadAssembly (144ms)
		ExecutionOrderSort (0ms)
		DisableScriptedObjects (3ms)
		BackupInstance (0ms)
		ReleaseScriptingObjects (0ms)
		CreateAndSetChildDomain (36ms)
	RebuildCommonClasses (27ms)
	RebuildNativeTypeToScriptingClass (8ms)
	initialDomainReloadingComplete (27ms)
	LoadAllAssembliesAndSetupDomain (180ms)
		LoadAssemblies (240ms)
		RebuildTransferFunctionScriptingTraits (0ms)
		AnalyzeDomain (10ms)
			TypeCache.Refresh (5ms)
				TypeCache.ScanAssembly (0ms)
			ScanForSourceGeneratedMonoScriptInfo (0ms)
			ResolveRequiredComponents (4ms)
	FinalizeReload (1081ms)
		ReleaseScriptCaches (0ms)
		RebuildScriptCaches (0ms)
		SetupLoadedEditorAssemblies (591ms)
			LogAssemblyErrors (0ms)
			InitializePlatformSupportModulesInManaged (7ms)
			SetLoadedEditorAssemblies (3ms)
			RefreshPlugins (0ms)
			BeforeProcessingInitializeOnLoad (60ms)
			ProcessInitializeOnLoadAttributes (494ms)
			ProcessInitializeOnLoadMethodAttributes (19ms)
			AfterProcessingInitializeOnLoad (7ms)
			EditorAssembliesLoaded (0ms)
		ExecutionOrderSort2 (0ms)
		AwakeInstancesAfterBackupRestoration (8ms)
Refreshing native plugins compatible for Editor in 4.01 ms, found 3 plugins.
Preloading 0 native plugins for Editor in 0.00 ms.
Unloading 3470 Unused Serialized files (Serialized files now loaded: 0)
Unloading 24 unused Assets / (31.7 KB). Loaded Objects now: 3969.
Memory consumption went from 136.9 MB to 136.9 MB.
Total: 3.718800 ms (FindLiveObjects: 0.203500 ms CreateObjectMapping: 0.123500 ms MarkObjects: 3.319400 ms  DeleteObjects: 0.071000 ms)

Prepare: number of updated asset objects reloaded= 0
AssetImportParameters requested are different than current active one (requested -> active):
  custom:container-demuxer-ogg: 62fdf1f143b41e24485cea50d1cbac27 -> 
  custom:video-codec-MediaFoundation-h265: 746d11721c4dcdbdad8f713fa42b33f4 -> 
  custom:video-decoder-ogg-theora: a1e56fd34408186e4bbccfd4996cb3dc -> 
  custom:framework-win-MediaFoundation: 216162199b28c13a410421893ffa2e32 -> 
  custom:CustomObjectIndexerAttribute: 6d391050e5a25f67b0a2c618074f2cd9 -> 
  custom:container-demuxer-webm: 4f35f7cbe854078d1ac9338744f61a02 -> 
  custom:container-muxer-webm: aa71ff27fc2769a1b78a27578f13a17b -> 
  custom:video-decoder-webm-vp8: 9c59270c3fd7afecdb556c50c9e8de78 -> 
  custom:SearchIndexIgnoredProperties: e643bd26f0fe6173181afceb89e7c659 -> 
  custom:AudioImporter_EditorPlatform: d09bf68614088b80899f8185d706f6e7 -> 
  custom:video-encoder-webm-vp8: eb34c28f22e8b96e1ab97ce403110664 -> 
  custom:audio-decoder-ogg-vorbis: bf7c407c2cedff20999df2af8eb42d56 -> 
  custom:audio-encoder-webm-vorbis: bf7c407c2cedff20999df2af8eb42d56 -> 
