Using pre-set license
Built from '2022.3/release' branch; Version is '2022.3.18f1 (d29bea25151d) revision 13802474'; Using compiler version '192829333'; Build Type 'Release'
OS: 'Windows 11  (10.0.22631) 64bit Professional' Language: 'fr' Physical Memory: 32471 MB
BatchMode: 1, IsHumanControllingUs: 0, StartBugReporterOnCrash: 0, Is64bit: 1, IsPro: 1

COMMAND LINE ARGUMENTS:
C:\Program Files\Unity\Hub\Editor\2022.3.18f1\Editor\Unity.exe
-adb2
-batchMode
-noUpm
-name
AssetImportWorker1
-projectPath
C:/Users/doria/OneDrive/Bureau/YNOV/B2_Info/ProjetsYdays/YFIGHTER-Unity/YFIGHTER
-logFile
Logs/AssetImportWorker1.log
-srvPort
52023
Successfully changed project path to: C:/Users/doria/OneDrive/Bureau/YNOV/B2_Info/ProjetsYdays/YFIGHTER-Unity/YFIGHTER
C:/Users/doria/OneDrive/Bureau/YNOV/B2_Info/ProjetsYdays/YFIGHTER-Unity/YFIGHTER
[UnityMemory] Configuration Parameters - Can be set up in boot.config
    "memorysetup-bucket-allocator-granularity=16"
    "memorysetup-bucket-allocator-bucket-count=8"
    "memorysetup-bucket-allocator-block-size=33554432"
    "memorysetup-bucket-allocator-block-count=8"
    "memorysetup-main-allocator-block-size=16777216"
    "memorysetup-thread-allocator-block-size=16777216"
    "memorysetup-gfx-main-allocator-block-size=16777216"
    "memorysetup-gfx-thread-allocator-block-size=16777216"
    "memorysetup-cache-allocator-block-size=4194304"
    "memorysetup-typetree-allocator-block-size=2097152"
    "memorysetup-profiler-bucket-allocator-granularity=16"
    "memorysetup-profiler-bucket-allocator-bucket-count=8"
    "memorysetup-profiler-bucket-allocator-block-size=33554432"
    "memorysetup-profiler-bucket-allocator-block-count=8"
    "memorysetup-profiler-allocator-block-size=16777216"
    "memorysetup-profiler-editor-allocator-block-size=1048576"
    "memorysetup-temp-allocator-size-main=16777216"
    "memorysetup-job-temp-allocator-block-size=2097152"
    "memorysetup-job-temp-allocator-block-size-background=1048576"
    "memorysetup-job-temp-allocator-reduction-small-platforms=262144"
    "memorysetup-allocator-temp-initial-block-size-main=262144"
    "memorysetup-allocator-temp-initial-block-size-worker=262144"
    "memorysetup-temp-allocator-size-background-worker=32768"
    "memorysetup-temp-allocator-size-job-worker=262144"
    "memorysetup-temp-allocator-size-preload-manager=33554432"
    "memorysetup-temp-allocator-size-nav-mesh-worker=65536"
    "memorysetup-temp-allocator-size-audio-worker=65536"
    "memorysetup-temp-allocator-size-cloud-worker=32768"
    "memorysetup-temp-allocator-size-gi-baking-worker=262144"
    "memorysetup-temp-allocator-size-gfx=262144"
Player connection [20736] Host "[IP] 192.168.56.1 [Port] 0 [Flags] 2 [Guid] 1572820288 [EditorId] 1572820288 [Version] 1048832 [Id] WindowsEditor(7,DORIAN) [Debug] 1 [PackageName] WindowsEditor [ProjectName] Editor" joined multi-casting on [225.0.0.222:54997]...

Player connection [20736] Host "[IP] 192.168.56.1 [Port] 0 [Flags] 2 [Guid] 1572820288 [EditorId] 1572820288 [Version] 1048832 [Id] WindowsEditor(7,DORIAN) [Debug] 1 [PackageName] WindowsEditor [ProjectName] Editor" joined alternative multi-casting on [225.0.0.222:34997]...

[Physics::Module] Initialized MultithreadedJobDispatcher with 11 workers.
Refreshing native plugins compatible for Editor in 7.53 ms, found 3 plugins.
Preloading 0 native plugins for Editor in 0.00 ms.
Initialize engine version: 2022.3.18f1 (d29bea25151d)
[Subsystems] Discovering subsystems at path C:/Program Files/Unity/Hub/Editor/2022.3.18f1/Editor/Data/Resources/UnitySubsystems
[Subsystems] Discovering subsystems at path C:/Users/doria/OneDrive/Bureau/YNOV/B2_Info/ProjetsYdays/YFIGHTER-Unity/YFIGHTER/Assets
GfxDevice: creating device client; threaded=0; jobified=0
Direct3D:
    Version:  Direct3D 11.0 [level 11.1]
    Renderer: NVIDIA GeForce RTX 2050 (ID=0x25ad)
    Vendor:   NVIDIA
    VRAM:     3977 MB
    Driver:   31.0.15.4617
Initialize mono
Mono path[0] = 'C:/Program Files/Unity/Hub/Editor/2022.3.18f1/Editor/Data/Managed'
Mono path[1] = 'C:/Program Files/Unity/Hub/Editor/2022.3.18f1/Editor/Data/MonoBleedingEdge/lib/mono/unityjit-win32'
Mono config path = 'C:/Program Files/Unity/Hub/Editor/2022.3.18f1/Editor/Data/MonoBleedingEdge/etc'
Using monoOptions --debugger-agent=transport=dt_socket,embedding=1,server=y,suspend=n,address=127.0.0.1:56828
Begin MonoManager ReloadAssembly
Registering precompiled unity dll's ...
Register platform support module: C:/Program Files/Unity/Hub/Editor/2022.3.18f1/Editor/Data/PlaybackEngines/WindowsStandaloneSupport/UnityEditor.WindowsStandalone.Extensions.dll
Register platform support module: C:/Program Files/Unity/Hub/Editor/2022.3.18f1/Editor/Data/PlaybackEngines/LinuxStandaloneSupport/UnityEditor.LinuxStandalone.Extensions.dll
Registered in 0.008593 seconds.
- Loaded All Assemblies, in  0.311 seconds
Native extension for LinuxStandalone target not found
Native extension for WindowsStandalone target not found
Mono: successfully reloaded assembly
- Finished resetting the current domain, in  0.245 seconds
Domain Reload Profiling: 554ms
	BeginReloadAssembly (97ms)
		ExecutionOrderSort (0ms)
		DisableScriptedObjects (0ms)
		BackupInstance (0ms)
		ReleaseScriptingObjects (0ms)
		CreateAndSetChildDomain (1ms)
	RebuildCommonClasses (29ms)
	RebuildNativeTypeToScriptingClass (8ms)
	initialDomainReloadingComplete (58ms)
	LoadAllAssembliesAndSetupDomain (117ms)
		LoadAssemblies (95ms)
		RebuildTransferFunctionScriptingTraits (0ms)
		AnalyzeDomain (115ms)
			TypeCache.Refresh (113ms)
				TypeCache.ScanAssembly (102ms)
			ScanForSourceGeneratedMonoScriptInfo (0ms)
			ResolveRequiredComponents (0ms)
	FinalizeReload (246ms)
		ReleaseScriptCaches (0ms)
		RebuildScriptCaches (0ms)
		SetupLoadedEditorAssemblies (195ms)
			LogAssemblyErrors (0ms)
			InitializePlatformSupportModulesInManaged (14ms)
			SetLoadedEditorAssemblies (7ms)
			RefreshPlugins (0ms)
			BeforeProcessingInitializeOnLoad (2ms)
			ProcessInitializeOnLoadAttributes (129ms)
			ProcessInitializeOnLoadMethodAttributes (43ms)
			AfterProcessingInitializeOnLoad (0ms)
			EditorAssembliesLoaded (0ms)
		ExecutionOrderSort2 (0ms)
		AwakeInstancesAfterBackupRestoration (0ms)
========================================================================
Worker process is ready to serve import requests
Begin MonoManager ReloadAssembly
Symbol file data-0000014889DF9E30 doesn't match image C:\Users\doria\OneDrive\Bureau\YNOV\B2_Info\ProjetsYdays\YFIGHTER-Unity\YFIGHTER\Library\ScriptAssemblies\Unity.Timeline.dll
Symbol file LoadedFromMemory is not a mono symbol file
Symbol file data-000001488A2BE030 doesn't match image C:\Users\doria\OneDrive\Bureau\YNOV\B2_Info\ProjetsYdays\YFIGHTER-Unity\YFIGHTER\Library\ScriptAssemblies\Unity.InputSystem.dll
Symbol file LoadedFromMemory is not a mono symbol file
Symbol file data-0000014844696050 doesn't match image C:\Users\doria\OneDrive\Bureau\YNOV\B2_Info\ProjetsYdays\YFIGHTER-Unity\YFIGHTER\Library\ScriptAssemblies\Unity.InputSystem.ForUI.dll
Symbol file LoadedFromMemory is not a mono symbol file
Symbol file data-000001488AAF5070 doesn't match image C:\Users\doria\OneDrive\Bureau\YNOV\B2_Info\ProjetsYdays\YFIGHTER-Unity\YFIGHTER\Library\ScriptAssemblies\Unity.TestTools.CodeCoverage.Editor.OpenCover.Mono.Reflection.dll
Symbol file LoadedFromMemory is not a mono symbol file
Symbol file data-000001488989D620 doesn't match image C:\Users\doria\OneDrive\Bureau\YNOV\B2_Info\ProjetsYdays\YFIGHTER-Unity\YFIGHTER\Library\ScriptAssemblies\UnityEngine.UI.dll
Symbol file LoadedFromMemory is not a mono symbol file
Symbol file data-000001488AAF5070 doesn't match image C:\Users\doria\OneDrive\Bureau\YNOV\B2_Info\ProjetsYdays\YFIGHTER-Unity\YFIGHTER\Library\ScriptAssemblies\Unity.EditorCoroutines.Editor.dll
Symbol file LoadedFromMemory is not a mono symbol file
Symbol file data-0000014889DF9E30 doesn't match image C:\Users\doria\OneDrive\Bureau\YNOV\B2_Info\ProjetsYdays\YFIGHTER-Unity\YFIGHTER\Library\ScriptAssemblies\Unity.VisualScripting.SettingsProvider.Editor.dll
Symbol file LoadedFromMemory is not a mono symbol file
Symbol file data-00000148898BD630 doesn't match image C:\Users\doria\OneDrive\Bureau\YNOV\B2_Info\ProjetsYdays\YFIGHTER-Unity\YFIGHTER\Library\ScriptAssemblies\Unity.Performance.Profile-Analyzer.Editor.dll
Symbol file LoadedFromMemory is not a mono symbol file
Symbol file data-0000014889DF9E30 doesn't match image C:\Users\doria\OneDrive\Bureau\YNOV\B2_Info\ProjetsYdays\YFIGHTER-Unity\YFIGHTER\Library\ScriptAssemblies\Unity.TestTools.CodeCoverage.Editor.dll
Symbol file LoadedFromMemory is not a mono symbol file
Symbol file data-0000014889E00840 doesn't match image C:\Users\doria\OneDrive\Bureau\YNOV\B2_Info\ProjetsYdays\YFIGHTER-Unity\YFIGHTER\Library\ScriptAssemblies\Unity.TestTools.CodeCoverage.Editor.OpenCover.Model.dll
Symbol file LoadedFromMemory is not a mono symbol file
Symbol file data-000001488A2FF440 doesn't match image C:\Users\doria\OneDrive\Bureau\YNOV\B2_Info\ProjetsYdays\YFIGHTER-Unity\YFIGHTER\Library\ScriptAssemblies\Unity.PlasticSCM.Editor.dll
Symbol file LoadedFromMemory is not a mono symbol file
Symbol file data-0000014889E00840 doesn't match image C:\Users\doria\OneDrive\Bureau\YNOV\B2_Info\ProjetsYdays\YFIGHTER-Unity\YFIGHTER\Library\ScriptAssemblies\UnityEngine.TestRunner.dll
Symbol file LoadedFromMemory is not a mono symbol file
Symbol file data-000001488A338A60 doesn't match image C:\Users\doria\OneDrive\Bureau\YNOV\B2_Info\ProjetsYdays\YFIGHTER-Unity\YFIGHTER\Library\ScriptAssemblies\Unity.VisualScripting.State.Editor.dll
Symbol file LoadedFromMemory is not a mono symbol file
Symbol file data-0000014889CFA010 doesn't match image C:\Users\doria\OneDrive\Bureau\YNOV\B2_Info\ProjetsYdays\YFIGHTER-Unity\YFIGHTER\Library\ScriptAssemblies\Unity.Timeline.Editor.dll
Symbol file LoadedFromMemory is not a mono symbol file
Symbol file data-0000014889CFA010 doesn't match image C:\Users\doria\OneDrive\Bureau\YNOV\B2_Info\ProjetsYdays\YFIGHTER-Unity\YFIGHTER\Library\ScriptAssemblies\Unity.Settings.Editor.dll
Symbol file LoadedFromMemory is not a mono symbol file
Symbol file data-0000014889E10850 doesn't match image C:\Users\doria\OneDrive\Bureau\YNOV\B2_Info\ProjetsYdays\YFIGHTER-Unity\YFIGHTER\Library\ScriptAssemblies\Unity.VisualScripting.Shared.Editor.dll
Symbol file LoadedFromMemory is not a mono symbol file
Symbol file data-0000014889E10850 doesn't match image C:\Users\doria\OneDrive\Bureau\YNOV\B2_Info\ProjetsYdays\YFIGHTER-Unity\YFIGHTER\Library\ScriptAssemblies\Unity.CollabProxy.Editor.dll
Symbol file LoadedFromMemory is not a mono symbol file
Symbol file data-0000014889D2AF00 doesn't match image C:\Users\doria\OneDrive\Bureau\YNOV\B2_Info\ProjetsYdays\YFIGHTER-Unity\YFIGHTER\Library\ScriptAssemblies\Unity.VisualStudio.Editor.dll
Symbol file LoadedFromMemory is not a mono symbol file
Symbol file data-00000148886E8440 doesn't match image C:\Users\doria\OneDrive\Bureau\YNOV\B2_Info\ProjetsYdays\YFIGHTER-Unity\YFIGHTER\Library\ScriptAssemblies\Unity.TextMeshPro.dll
Symbol file LoadedFromMemory is not a mono symbol file
Symbol file data-0000014889D2AF00 doesn't match image C:\Users\doria\OneDrive\Bureau\YNOV\B2_Info\ProjetsYdays\YFIGHTER-Unity\YFIGHTER\Library\ScriptAssemblies\Unity.VisualScripting.Core.dll
Symbol file LoadedFromMemory is not a mono symbol file
Symbol file data-0000014889D63910 doesn't match image C:\Users\doria\OneDrive\Bureau\YNOV\B2_Info\ProjetsYdays\YFIGHTER-Unity\YFIGHTER\Library\ScriptAssemblies\Unity.TextMeshPro.Editor.dll
Symbol file LoadedFromMemory is not a mono symbol file
Symbol file data-00000148886E8440 doesn't match image C:\Users\doria\OneDrive\Bureau\YNOV\B2_Info\ProjetsYdays\YFIGHTER-Unity\YFIGHTER\Library\ScriptAssemblies\UnityEditor.UI.dll
Symbol file LoadedFromMemory is not a mono symbol file
Symbol file data-00000148446AE010 doesn't match image C:\Users\doria\OneDrive\Bureau\YNOV\B2_Info\ProjetsYdays\YFIGHTER-Unity\YFIGHTER\Library\ScriptAssemblies\Unity.VisualScripting.Core.Editor.dll
Symbol file LoadedFromMemory is not a mono symbol file
Symbol file data-00000148886FAC50 doesn't match image C:\Users\doria\OneDrive\Bureau\YNOV\B2_Info\ProjetsYdays\YFIGHTER-Unity\YFIGHTER\Library\ScriptAssemblies\Unity.Rider.Editor.dll
Symbol file LoadedFromMemory is not a mono symbol file
Symbol file data-0000014889CFA010 doesn't match image C:\Users\doria\OneDrive\Bureau\YNOV\B2_Info\ProjetsYdays\YFIGHTER-Unity\YFIGHTER\Library\ScriptAssemblies\Unity.VisualScripting.State.dll
Symbol file LoadedFromMemory is not a mono symbol file
Symbol file data-0000014889CFA010 doesn't match image C:\Users\doria\OneDrive\Bureau\YNOV\B2_Info\ProjetsYdays\YFIGHTER-Unity\YFIGHTER\Library\ScriptAssemblies\Unity.VSCode.Editor.dll
Symbol file LoadedFromMemory is not a mono symbol file
Symbol file data-00000148446E5620 doesn't match image C:\Users\doria\OneDrive\Bureau\YNOV\B2_Info\ProjetsYdays\YFIGHTER-Unity\YFIGHTER\Library\ScriptAssemblies\UnityEditor.TestRunner.dll
Symbol file LoadedFromMemory is not a mono symbol file
Symbol file data-0000014889922020 doesn't match image C:\Users\doria\OneDrive\Bureau\YNOV\B2_Info\ProjetsYdays\YFIGHTER-Unity\YFIGHTER\Library\ScriptAssemblies\Unity.VisualScripting.Flow.dll
Symbol file LoadedFromMemory is not a mono symbol file
Symbol file data-0000014844748630 doesn't match image C:\Users\doria\OneDrive\Bureau\YNOV\B2_Info\ProjetsYdays\YFIGHTER-Unity\YFIGHTER\Library\ScriptAssemblies\Unity.VisualScripting.Flow.Editor.dll
Symbol file LoadedFromMemory is not a mono symbol file
- Loaded All Assemblies, in  0.554 seconds
Refreshing native plugins compatible for Editor in 3.69 ms, found 3 plugins.
Native extension for LinuxStandalone target not found
Native extension for WindowsStandalone target not found
Package Manager log level set to [2]
[Package Manager] Server::EnsureServerProcessIsRunning -- launch failed, reason: Unity was launched with the -noUpm command-line argument
[Package Manager] UpmClient::Send -- Unable to send message (not connected to UPM process).
[Package Manager] Cannot connect to Unity Package Manager local server
Mono: successfully reloaded assembly
- Finished resetting the current domain, in  0.675 seconds
Domain Reload Profiling: 1227ms
	BeginReloadAssembly (125ms)
		ExecutionOrderSort (0ms)
		DisableScriptedObjects (4ms)
		BackupInstance (0ms)
		ReleaseScriptingObjects (0ms)
		CreateAndSetChildDomain (18ms)
	RebuildCommonClasses (28ms)
	RebuildNativeTypeToScriptingClass (8ms)
	initialDomainReloadingComplete (36ms)
	LoadAllAssembliesAndSetupDomain (355ms)
		LoadAssemblies (268ms)
		RebuildTransferFunctionScriptingTraits (0ms)
		AnalyzeDomain (160ms)
			TypeCache.Refresh (140ms)
				TypeCache.ScanAssembly (129ms)
			ScanForSourceGeneratedMonoScriptInfo (14ms)
			ResolveRequiredComponents (4ms)
	FinalizeReload (675ms)
		ReleaseScriptCaches (0ms)
		RebuildScriptCaches (0ms)
		SetupLoadedEditorAssemblies (550ms)
			LogAssemblyErrors (0ms)
			InitializePlatformSupportModulesInManaged (9ms)
			SetLoadedEditorAssemblies (3ms)
			RefreshPlugins (0ms)
			BeforeProcessingInitializeOnLoad (54ms)
			ProcessInitializeOnLoadAttributes (462ms)
			ProcessInitializeOnLoadMethodAttributes (16ms)
			AfterProcessingInitializeOnLoad (6ms)
			EditorAssembliesLoaded (0ms)
		ExecutionOrderSort2 (0ms)
		AwakeInstancesAfterBackupRestoration (7ms)
Launched and connected shader compiler UnityShaderCompiler.exe after 0.04 seconds
Refreshing native plugins compatible for Editor in 3.33 ms, found 3 plugins.
Preloading 0 native plugins for Editor in 0.00 ms.
Unloading 3495 Unused Serialized files (Serialized files now loaded: 0)
Unloading 39 unused Assets / (57.9 KB). Loaded Objects now: 3961.
Memory consumption went from 134.9 MB to 134.9 MB.
Total: 3.478400 ms (FindLiveObjects: 0.250200 ms CreateObjectMapping: 0.080200 ms MarkObjects: 3.029800 ms  DeleteObjects: 0.116800 ms)

AssetImportParameters requested are different than current active one (requested -> active):
  custom:container-demuxer-ogg: 62fdf1f143b41e24485cea50d1cbac27 -> 
  custom:video-codec-MediaFoundation-h265: 746d11721c4dcdbdad8f713fa42b33f4 -> 
  custom:video-decoder-ogg-theora: a1e56fd34408186e4bbccfd4996cb3dc -> 
  custom:framework-win-MediaFoundation: 216162199b28c13a410421893ffa2e32 -> 
  custom:CustomObjectIndexerAttribute: 6d391050e5a25f67b0a2c618074f2cd9 -> 
  custom:container-demuxer-webm: 4f35f7cbe854078d1ac9338744f61a02 -> 
  custom:container-muxer-webm: aa71ff27fc2769a1b78a27578f13a17b -> 
  custom:video-decoder-webm-vp8: 9c59270c3fd7afecdb556c50c9e8de78 -> 
  custom:SearchIndexIgnoredProperties: e643bd26f0fe6173181afceb89e7c659 -> 
  custom:AudioImporter_EditorPlatform: d09bf68614088b80899f8185d706f6e7 -> 
  custom:video-encoder-webm-vp8: eb34c28f22e8b96e1ab97ce403110664 -> 
  custom:audio-decoder-ogg-vorbis: bf7c407c2cedff20999df2af8eb42d56 -> 
  custom:audio-encoder-webm-vorbis: bf7c407c2cedff20999df2af8eb42d56 -> 
========================================================================
Received Prepare
Begin MonoManager ReloadAssembly
Symbol file data-0000014894B08010 doesn't match image C:\Users\doria\OneDrive\Bureau\YNOV\B2_Info\ProjetsYdays\YFIGHTER-Unity\YFIGHTER\Library\ScriptAssemblies\Unity.Timeline.dll
Symbol file LoadedFromMemory is not a mono symbol file
Symbol file data-000001488B4FB010 doesn't match image C:\Users\doria\OneDrive\Bureau\YNOV\B2_Info\ProjetsYdays\YFIGHTER-Unity\YFIGHTER\Library\ScriptAssemblies\Unity.InputSystem.dll
Symbol file LoadedFromMemory is not a mono symbol file
Symbol file data-000001484476B0A0 doesn't match image C:\Users\doria\OneDrive\Bureau\YNOV\B2_Info\ProjetsYdays\YFIGHTER-Unity\YFIGHTER\Library\ScriptAssemblies\Unity.InputSystem.ForUI.dll
Symbol file LoadedFromMemory is not a mono symbol file
Symbol file data-000001484476B0A0 doesn't match image C:\Users\doria\OneDrive\Bureau\YNOV\B2_Info\ProjetsYdays\YFIGHTER-Unity\YFIGHTER\Library\ScriptAssemblies\Unity.TestTools.CodeCoverage.Editor.OpenCover.Mono.Reflection.dll
Symbol file LoadedFromMemory is not a mono symbol file
Symbol file data-00000148D5A02010 doesn't match image C:\Users\doria\OneDrive\Bureau\YNOV\B2_Info\ProjetsYdays\YFIGHTER-Unity\YFIGHTER\Library\ScriptAssemblies\UnityEngine.UI.dll
Symbol file LoadedFromMemory is not a mono symbol file
Symbol file data-000001484476B0A0 doesn't match image C:\Users\doria\OneDrive\Bureau\YNOV\B2_Info\ProjetsYdays\YFIGHTER-Unity\YFIGHTER\Library\ScriptAssemblies\Unity.EditorCoroutines.Editor.dll
Symbol file LoadedFromMemory is not a mono symbol file
Symbol file data-000001488AE8D050 doesn't match image C:\Users\doria\OneDrive\Bureau\YNOV\B2_Info\ProjetsYdays\YFIGHTER-Unity\YFIGHTER\Library\ScriptAssemblies\Unity.VisualScripting.SettingsProvider.Editor.dll
Symbol file LoadedFromMemory is not a mono symbol file
Symbol file data-0000014892CC2060 doesn't match image C:\Users\doria\OneDrive\Bureau\YNOV\B2_Info\ProjetsYdays\YFIGHTER-Unity\YFIGHTER\Library\ScriptAssemblies\Unity.Performance.Profile-Analyzer.Editor.dll
Symbol file LoadedFromMemory is not a mono symbol file
Symbol file data-0000014889F9D010 doesn't match image C:\Users\doria\OneDrive\Bureau\YNOV\B2_Info\ProjetsYdays\YFIGHTER-Unity\YFIGHTER\Library\ScriptAssemblies\Unity.TestTools.CodeCoverage.Editor.dll
Symbol file LoadedFromMemory is not a mono symbol file
Symbol file data-000001488AAE5050 doesn't match image C:\Users\doria\OneDrive\Bureau\YNOV\B2_Info\ProjetsYdays\YFIGHTER-Unity\YFIGHTER\Library\ScriptAssemblies\Unity.TestTools.CodeCoverage.Editor.OpenCover.Model.dll
Symbol file LoadedFromMemory is not a mono symbol file
Symbol file data-0000014893382030 doesn't match image C:\Users\doria\OneDrive\Bureau\YNOV\B2_Info\ProjetsYdays\YFIGHTER-Unity\YFIGHTER\Library\ScriptAssemblies\Unity.PlasticSCM.Editor.dll
Symbol file LoadedFromMemory is not a mono symbol file
Symbol file data-0000014844640020 doesn't match image C:\Users\doria\OneDrive\Bureau\YNOV\B2_Info\ProjetsYdays\YFIGHTER-Unity\YFIGHTER\Library\ScriptAssemblies\UnityEngine.TestRunner.dll
Symbol file LoadedFromMemory is not a mono symbol file
Symbol file data-000001488B37D020 doesn't match image C:\Users\doria\OneDrive\Bureau\YNOV\B2_Info\ProjetsYdays\YFIGHTER-Unity\YFIGHTER\Library\ScriptAssemblies\Unity.VisualScripting.State.Editor.dll
Symbol file LoadedFromMemory is not a mono symbol file
Symbol file data-000001488B18FDA0 doesn't match image C:\Users\doria\OneDrive\Bureau\YNOV\B2_Info\ProjetsYdays\YFIGHTER-Unity\YFIGHTER\Library\ScriptAssemblies\Unity.Timeline.Editor.dll
Symbol file LoadedFromMemory is not a mono symbol file
Symbol file data-000001488AAE5050 doesn't match image C:\Users\doria\OneDrive\Bureau\YNOV\B2_Info\ProjetsYdays\YFIGHTER-Unity\YFIGHTER\Library\ScriptAssemblies\Unity.Settings.Editor.dll
Symbol file LoadedFromMemory is not a mono symbol file
Symbol file data-000001488AAE5050 doesn't match image C:\Users\doria\OneDrive\Bureau\YNOV\B2_Info\ProjetsYdays\YFIGHTER-Unity\YFIGHTER\Library\ScriptAssemblies\Unity.VisualScripting.Shared.Editor.dll
Symbol file LoadedFromMemory is not a mono symbol file
Symbol file data-000001488AAE5050 doesn't match image C:\Users\doria\OneDrive\Bureau\YNOV\B2_Info\ProjetsYdays\YFIGHTER-Unity\YFIGHTER\Library\ScriptAssemblies\Unity.CollabProxy.Editor.dll
Symbol file LoadedFromMemory is not a mono symbol file
Symbol file data-0000014889F9D010 doesn't match image C:\Users\doria\OneDrive\Bureau\YNOV\B2_Info\ProjetsYdays\YFIGHTER-Unity\YFIGHTER\Library\ScriptAssemblies\Unity.VisualStudio.Editor.dll
Symbol file LoadedFromMemory is not a mono symbol file
Symbol file data-0000014888222010 doesn't match image C:\Users\doria\OneDrive\Bureau\YNOV\B2_Info\ProjetsYdays\YFIGHTER-Unity\YFIGHTER\Library\ScriptAssemblies\Unity.TextMeshPro.dll
Symbol file LoadedFromMemory is not a mono symbol file
Symbol file data-0000014893382030 doesn't match image C:\Users\doria\OneDrive\Bureau\YNOV\B2_Info\ProjetsYdays\YFIGHTER-Unity\YFIGHTER\Library\ScriptAssemblies\Unity.VisualScripting.Core.dll
Symbol file LoadedFromMemory is not a mono symbol file
Symbol file data-000001488865FC50 doesn't match image C:\Users\doria\OneDrive\Bureau\YNOV\B2_Info\ProjetsYdays\YFIGHTER-Unity\YFIGHTER\Library\ScriptAssemblies\Unity.TextMeshPro.Editor.dll
Symbol file LoadedFromMemory is not a mono symbol file
Symbol file data-000001488B37D020 doesn't match image C:\Users\doria\OneDrive\Bureau\YNOV\B2_Info\ProjetsYdays\YFIGHTER-Unity\YFIGHTER\Library\ScriptAssemblies\UnityEditor.UI.dll
Symbol file LoadedFromMemory is not a mono symbol file
Symbol file data-0000014889FBF010 doesn't match image C:\Users\doria\OneDrive\Bureau\YNOV\B2_Info\ProjetsYdays\YFIGHTER-Unity\YFIGHTER\Library\ScriptAssemblies\Unity.VisualScripting.Core.Editor.dll
Symbol file LoadedFromMemory is not a mono symbol file
Symbol file data-0000014894D80040 doesn't match image C:\Users\doria\OneDrive\Bureau\YNOV\B2_Info\ProjetsYdays\YFIGHTER-Unity\YFIGHTER\Library\ScriptAssemblies\Unity.Rider.Editor.dll
Symbol file LoadedFromMemory is not a mono symbol file
Symbol file data-000001488AD19010 doesn't match image C:\Users\doria\OneDrive\Bureau\YNOV\B2_Info\ProjetsYdays\YFIGHTER-Unity\YFIGHTER\Library\ScriptAssemblies\Unity.VisualScripting.State.dll
Symbol file LoadedFromMemory is not a mono symbol file
Symbol file data-000001488AD19010 doesn't match image C:\Users\doria\OneDrive\Bureau\YNOV\B2_Info\ProjetsYdays\YFIGHTER-Unity\YFIGHTER\Library\ScriptAssemblies\Unity.VSCode.Editor.dll
Symbol file LoadedFromMemory is not a mono symbol file
Symbol file data-0000014893179010 doesn't match image C:\Users\doria\OneDrive\Bureau\YNOV\B2_Info\ProjetsYdays\YFIGHTER-Unity\YFIGHTER\Library\ScriptAssemblies\UnityEditor.TestRunner.dll
Symbol file LoadedFromMemory is not a mono symbol file
Symbol file data-0000014888222010 doesn't match image C:\Users\doria\OneDrive\Bureau\YNOV\B2_Info\ProjetsYdays\YFIGHTER-Unity\YFIGHTER\Library\ScriptAssemblies\Unity.VisualScripting.Flow.dll
Symbol file LoadedFromMemory is not a mono symbol file
Symbol file data-0000014892CC2060 doesn't match image C:\Users\doria\OneDrive\Bureau\YNOV\B2_Info\ProjetsYdays\YFIGHTER-Unity\YFIGHTER\Library\ScriptAssemblies\Unity.VisualScripting.Flow.Editor.dll
Symbol file LoadedFromMemory is not a mono symbol file
- Loaded All Assemblies, in  0.630 seconds
Refreshing native plugins compatible for Editor in 7.08 ms, found 3 plugins.
Native extension for LinuxStandalone target not found
Native extension for WindowsStandalone target not found
[Package Manager] Server::EnsureServerProcessIsRunning -- launch failed, reason: Unity was launched with the -noUpm command-line argument
[Package Manager] UpmClient::Send -- Unable to send message (not connected to UPM process).
[Package Manager] Cannot connect to Unity Package Manager local server
Mono: successfully reloaded assembly
- Finished resetting the current domain, in  1.560 seconds
Domain Reload Profiling: 2185ms
	BeginReloadAssembly (199ms)
		ExecutionOrderSort (0ms)
		DisableScriptedObjects (7ms)
		BackupInstance (0ms)
		ReleaseScriptingObjects (0ms)
		CreateAndSetChildDomain (36ms)
	RebuildCommonClasses (41ms)
	RebuildNativeTypeToScriptingClass (14ms)
	initialDomainReloadingComplete (44ms)
	LoadAllAssembliesAndSetupDomain (327ms)
		LoadAssemblies (408ms)
		RebuildTransferFunctionScriptingTraits (0ms)
		AnalyzeDomain (33ms)
			TypeCache.Refresh (10ms)
				TypeCache.ScanAssembly (0ms)
			ScanForSourceGeneratedMonoScriptInfo (14ms)
			ResolveRequiredComponents (7ms)
	FinalizeReload (1560ms)
		ReleaseScriptCaches (0ms)
		RebuildScriptCaches (0ms)
		SetupLoadedEditorAssemblies (686ms)
			LogAssemblyErrors (0ms)
			InitializePlatformSupportModulesInManaged (15ms)
			SetLoadedEditorAssemblies (4ms)
			RefreshPlugins (0ms)
			BeforeProcessingInitializeOnLoad (81ms)
			ProcessInitializeOnLoadAttributes (568ms)
			ProcessInitializeOnLoadMethodAttributes (13ms)
			AfterProcessingInitializeOnLoad (5ms)
			EditorAssembliesLoaded (0ms)
		ExecutionOrderSort2 (0ms)
		AwakeInstancesAfterBackupRestoration (6ms)
Refreshing native plugins compatible for Editor in 2.42 ms, found 3 plugins.
Preloading 0 native plugins for Editor in 0.00 ms.
Unloading 3475 Unused Serialized files (Serialized files now loaded: 0)
Unloading 24 unused Assets / (31.7 KB). Loaded Objects now: 3964.
Memory consumption went from 132.8 MB to 132.7 MB.
Total: 2.569500 ms (FindLiveObjects: 0.169700 ms CreateObjectMapping: 0.076200 ms MarkObjects: 2.283700 ms  DeleteObjects: 0.039000 ms)

Prepare: number of updated asset objects reloaded= 0
AssetImportParameters requested are different than current active one (requested -> active):
  custom:container-demuxer-ogg: 62fdf1f143b41e24485cea50d1cbac27 -> 
  custom:video-codec-MediaFoundation-h265: 746d11721c4dcdbdad8f713fa42b33f4 -> 
  custom:video-decoder-ogg-theora: a1e56fd34408186e4bbccfd4996cb3dc -> 
  custom:framework-win-MediaFoundation: 216162199b28c13a410421893ffa2e32 -> 
  custom:CustomObjectIndexerAttribute: 6d391050e5a25f67b0a2c618074f2cd9 -> 
  custom:container-demuxer-webm: 4f35f7cbe854078d1ac9338744f61a02 -> 
  custom:container-muxer-webm: aa71ff27fc2769a1b78a27578f13a17b -> 
  custom:video-decoder-webm-vp8: 9c59270c3fd7afecdb556c50c9e8de78 -> 
  custom:SearchIndexIgnoredProperties: e643bd26f0fe6173181afceb89e7c659 -> 
  custom:AudioImporter_EditorPlatform: d09bf68614088b80899f8185d706f6e7 -> 
  custom:video-encoder-webm-vp8: eb34c28f22e8b96e1ab97ce403110664 -> 
  custom:audio-decoder-ogg-vorbis: bf7c407c2cedff20999df2af8eb42d56 -> 
  custom:audio-encoder-webm-vorbis: bf7c407c2cedff20999df2af8eb42d56 -> 
========================================================================
Received Import Request.
  Time since last request: 511786.652003 seconds.
  path: Assets/Images/bar-full.png
  artifactKey: Guid(dc6d6fe41c8a0ad44bc7fbdac3cbff7f) Importer(815301076,1909f56bfc062723c751e8b465ee728b)
Start importing Assets/Images/bar-full.png using Guid(dc6d6fe41c8a0ad44bc7fbdac3cbff7f) Importer(815301076,1909f56bfc062723c751e8b465ee728b)  -> (artifact id: 'a1b6d50a8e84f1661b3bfaa4964a758d') in 0.059606 seconds
Number of updated asset objects reloaded before import = 0
Number of asset objects unloaded after import = 2
========================================================================
Received Prepare
Begin MonoManager ReloadAssembly
Symbol file data-0000014894B08010 doesn't match image C:\Users\doria\OneDrive\Bureau\YNOV\B2_Info\ProjetsYdays\YFIGHTER-Unity\YFIGHTER\Library\ScriptAssemblies\Unity.Timeline.dll
Symbol file LoadedFromMemory is not a mono symbol file
Symbol file data-000001488B4FB010 doesn't match image C:\Users\doria\OneDrive\Bureau\YNOV\B2_Info\ProjetsYdays\YFIGHTER-Unity\YFIGHTER\Library\ScriptAssemblies\Unity.InputSystem.dll
Symbol file LoadedFromMemory is not a mono symbol file
Symbol file data-0000014894A5E070 doesn't match image C:\Users\doria\OneDrive\Bureau\YNOV\B2_Info\ProjetsYdays\YFIGHTER-Unity\YFIGHTER\Library\ScriptAssemblies\Unity.InputSystem.ForUI.dll
Symbol file LoadedFromMemory is not a mono symbol file
Symbol file data-0000014894A5E070 doesn't match image C:\Users\doria\OneDrive\Bureau\YNOV\B2_Info\ProjetsYdays\YFIGHTER-Unity\YFIGHTER\Library\ScriptAssemblies\Unity.TestTools.CodeCoverage.Editor.OpenCover.Mono.Reflection.dll
Symbol file LoadedFromMemory is not a mono symbol file
Symbol file data-000001488A272020 doesn't match image C:\Users\doria\OneDrive\Bureau\YNOV\B2_Info\ProjetsYdays\YFIGHTER-Unity\YFIGHTER\Library\ScriptAssemblies\UnityEngine.UI.dll
Symbol file LoadedFromMemory is not a mono symbol file
Symbol file data-0000014894A5E070 doesn't match image C:\Users\doria\OneDrive\Bureau\YNOV\B2_Info\ProjetsYdays\YFIGHTER-Unity\YFIGHTER\Library\ScriptAssemblies\Unity.EditorCoroutines.Editor.dll
Symbol file LoadedFromMemory is not a mono symbol file
Symbol file data-0000014894DAE820 doesn't match image C:\Users\doria\OneDrive\Bureau\YNOV\B2_Info\ProjetsYdays\YFIGHTER-Unity\YFIGHTER\Library\ScriptAssemblies\Unity.VisualScripting.SettingsProvider.Editor.dll
Symbol file LoadedFromMemory is not a mono symbol file
Symbol file data-000001488AF21010 doesn't match image C:\Users\doria\OneDrive\Bureau\YNOV\B2_Info\ProjetsYdays\YFIGHTER-Unity\YFIGHTER\Library\ScriptAssemblies\Unity.Performance.Profile-Analyzer.Editor.dll
Symbol file LoadedFromMemory is not a mono symbol file
Symbol file data-00000148889E0020 doesn't match image C:\Users\doria\OneDrive\Bureau\YNOV\B2_Info\ProjetsYdays\YFIGHTER-Unity\YFIGHTER\Library\ScriptAssemblies\Unity.TestTools.CodeCoverage.Editor.dll
Symbol file LoadedFromMemory is not a mono symbol file
Symbol file data-0000014888AB0010 doesn't match image C:\Users\doria\OneDrive\Bureau\YNOV\B2_Info\ProjetsYdays\YFIGHTER-Unity\YFIGHTER\Library\ScriptAssemblies\Unity.TestTools.CodeCoverage.Editor.OpenCover.Model.dll
Symbol file LoadedFromMemory is not a mono symbol file
Symbol file data-000001488B6D1030 doesn't match image C:\Users\doria\OneDrive\Bureau\YNOV\B2_Info\ProjetsYdays\YFIGHTER-Unity\YFIGHTER\Library\ScriptAssemblies\Unity.PlasticSCM.Editor.dll
Symbol file LoadedFromMemory is not a mono symbol file
Symbol file data-0000014888E18010 doesn't match image C:\Users\doria\OneDrive\Bureau\YNOV\B2_Info\ProjetsYdays\YFIGHTER-Unity\YFIGHTER\Library\ScriptAssemblies\UnityEngine.TestRunner.dll
Symbol file LoadedFromMemory is not a mono symbol file
Symbol file data-00000148D5DCC010 doesn't match image C:\Users\doria\OneDrive\Bureau\YNOV\B2_Info\ProjetsYdays\YFIGHTER-Unity\YFIGHTER\Library\ScriptAssemblies\Unity.VisualScripting.State.Editor.dll
Symbol file LoadedFromMemory is not a mono symbol file
Symbol file data-00000148D5F0F010 doesn't match image C:\Users\doria\OneDrive\Bureau\YNOV\B2_Info\ProjetsYdays\YFIGHTER-Unity\YFIGHTER\Library\ScriptAssemblies\Unity.Timeline.Editor.dll
Symbol file LoadedFromMemory is not a mono symbol file
Symbol file data-0000014889F53AA0 doesn't match image C:\Users\doria\OneDrive\Bureau\YNOV\B2_Info\ProjetsYdays\YFIGHTER-Unity\YFIGHTER\Library\ScriptAssemblies\Unity.Settings.Editor.dll
Symbol file LoadedFromMemory is not a mono symbol file
Symbol file data-0000014894DAE820 doesn't match image C:\Users\doria\OneDrive\Bureau\YNOV\B2_Info\ProjetsYdays\YFIGHTER-Unity\YFIGHTER\Library\ScriptAssemblies\Unity.VisualScripting.Shared.Editor.dll
Symbol file LoadedFromMemory is not a mono symbol file
Symbol file data-0000014894DAE820 doesn't match image C:\Users\doria\OneDrive\Bureau\YNOV\B2_Info\ProjetsYdays\YFIGHTER-Unity\YFIGHTER\Library\ScriptAssemblies\Unity.CollabProxy.Editor.dll
Symbol file LoadedFromMemory is not a mono symbol file
Symbol file data-00000148889E0020 doesn't match image C:\Users\doria\OneDrive\Bureau\YNOV\B2_Info\ProjetsYdays\YFIGHTER-Unity\YFIGHTER\Library\ScriptAssemblies\Unity.VisualStudio.Editor.dll
Symbol file LoadedFromMemory is not a mono symbol file
Symbol file data-0000014888222010 doesn't match image C:\Users\doria\OneDrive\Bureau\YNOV\B2_Info\ProjetsYdays\YFIGHTER-Unity\YFIGHTER\Library\ScriptAssemblies\Unity.TextMeshPro.dll
Symbol file LoadedFromMemory is not a mono symbol file
Symbol file data-0000014892790080 doesn't match image C:\Users\doria\OneDrive\Bureau\YNOV\B2_Info\ProjetsYdays\YFIGHTER-Unity\YFIGHTER\Library\ScriptAssemblies\Unity.VisualScripting.Core.dll
Symbol file LoadedFromMemory is not a mono symbol file
Symbol file data-0000014888B34040 doesn't match image C:\Users\doria\OneDrive\Bureau\YNOV\B2_Info\ProjetsYdays\YFIGHTER-Unity\YFIGHTER\Library\ScriptAssemblies\Unity.TextMeshPro.Editor.dll
Symbol file LoadedFromMemory is not a mono symbol file
Symbol file data-00000148D5DCC010 doesn't match image C:\Users\doria\OneDrive\Bureau\YNOV\B2_Info\ProjetsYdays\YFIGHTER-Unity\YFIGHTER\Library\ScriptAssemblies\UnityEditor.UI.dll
Symbol file LoadedFromMemory is not a mono symbol file
Symbol file data-000001488B187D90 doesn't match image C:\Users\doria\OneDrive\Bureau\YNOV\B2_Info\ProjetsYdays\YFIGHTER-Unity\YFIGHTER\Library\ScriptAssemblies\Unity.VisualScripting.Core.Editor.dll
Symbol file LoadedFromMemory is not a mono symbol file
Symbol file data-0000014894B5E010 doesn't match image C:\Users\doria\OneDrive\Bureau\YNOV\B2_Info\ProjetsYdays\YFIGHTER-Unity\YFIGHTER\Library\ScriptAssemblies\Unity.Rider.Editor.dll
Symbol file LoadedFromMemory is not a mono symbol file
Symbol file data-0000014888AB0010 doesn't match image C:\Users\doria\OneDrive\Bureau\YNOV\B2_Info\ProjetsYdays\YFIGHTER-Unity\YFIGHTER\Library\ScriptAssemblies\Unity.VisualScripting.State.dll
Symbol file LoadedFromMemory is not a mono symbol file
Symbol file data-0000014888AB0010 doesn't match image C:\Users\doria\OneDrive\Bureau\YNOV\B2_Info\ProjetsYdays\YFIGHTER-Unity\YFIGHTER\Library\ScriptAssemblies\Unity.VSCode.Editor.dll
Symbol file LoadedFromMemory is not a mono symbol file
Symbol file data-000001488AF21010 doesn't match image C:\Users\doria\OneDrive\Bureau\YNOV\B2_Info\ProjetsYdays\YFIGHTER-Unity\YFIGHTER\Library\ScriptAssemblies\UnityEditor.TestRunner.dll
Symbol file LoadedFromMemory is not a mono symbol file
Symbol file data-00000148443C5010 doesn't match image C:\Users\doria\OneDrive\Bureau\YNOV\B2_Info\ProjetsYdays\YFIGHTER-Unity\YFIGHTER\Library\ScriptAssemblies\Unity.VisualScripting.Flow.dll
Symbol file LoadedFromMemory is not a mono symbol file
Symbol file data-000001488AF21010 doesn't match image C:\Users\doria\OneDrive\Bureau\YNOV\B2_Info\ProjetsYdays\YFIGHTER-Unity\YFIGHTER\Library\ScriptAssemblies\Unity.VisualScripting.Flow.Editor.dll
Symbol file LoadedFromMemory is not a mono symbol file
- Loaded All Assemblies, in  0.398 seconds
Refreshing native plugins compatible for Editor in 2.75 ms, found 3 plugins.
Native extension for LinuxStandalone target not found
Native extension for WindowsStandalone target not found
[Package Manager] Server::EnsureServerProcessIsRunning -- launch failed, reason: Unity was launched with the -noUpm command-line argument
[Package Manager] UpmClient::Send -- Unable to send message (not connected to UPM process).
[Package Manager] Cannot connect to Unity Package Manager local server
Mono: successfully reloaded assembly
- Finished resetting the current domain, in  0.799 seconds
Domain Reload Profiling: 1195ms
	BeginReloadAssembly (137ms)
		ExecutionOrderSort (0ms)
		DisableScriptedObjects (3ms)
		BackupInstance (0ms)
		ReleaseScriptingObjects (0ms)
		CreateAndSetChildDomain (35ms)
	RebuildCommonClasses (24ms)
	RebuildNativeTypeToScriptingClass (8ms)
	initialDomainReloadingComplete (24ms)
	LoadAllAssembliesAndSetupDomain (202ms)
		LoadAssemblies (251ms)
		RebuildTransferFunctionScriptingTraits (0ms)
		AnalyzeDomain (21ms)
			TypeCache.Refresh (7ms)
				TypeCache.ScanAssembly (0ms)
			ScanForSourceGeneratedMonoScriptInfo (9ms)
			ResolveRequiredComponents (4ms)
	FinalizeReload (800ms)
		ReleaseScriptCaches (0ms)
		RebuildScriptCaches (0ms)
		SetupLoadedEditorAssemblies (435ms)
			LogAssemblyErrors (0ms)
			InitializePlatformSupportModulesInManaged (8ms)
			SetLoadedEditorAssemblies (2ms)
			RefreshPlugins (0ms)
			BeforeProcessingInitializeOnLoad (47ms)
			ProcessInitializeOnLoadAttributes (359ms)
			ProcessInitializeOnLoadMethodAttributes (13ms)
			AfterProcessingInitializeOnLoad (5ms)
			EditorAssembliesLoaded (0ms)
		ExecutionOrderSort2 (0ms)
		AwakeInstancesAfterBackupRestoration (6ms)
Refreshing native plugins compatible for Editor in 4.71 ms, found 3 plugins.
Preloading 0 native plugins for Editor in 0.00 ms.
Unloading 3475 Unused Serialized files (Serialized files now loaded: 0)
Unloading 24 unused Assets / (31.6 KB). Loaded Objects now: 3971.
Memory consumption went from 134.5 MB to 134.5 MB.
Total: 2.594700 ms (FindLiveObjects: 0.198200 ms CreateObjectMapping: 0.080600 ms MarkObjects: 2.269800 ms  DeleteObjects: 0.044900 ms)

Prepare: number of updated asset objects reloaded= 0
AssetImportParameters requested are different than current active one (requested -> active):
  custom:container-demuxer-ogg: 62fdf1f143b41e24485cea50d1cbac27 -> 
  custom:video-codec-MediaFoundation-h265: 746d11721c4dcdbdad8f713fa42b33f4 -> 
  custom:video-decoder-ogg-theora: a1e56fd34408186e4bbccfd4996cb3dc -> 
  custom:framework-win-MediaFoundation: 216162199b28c13a410421893ffa2e32 -> 
  custom:CustomObjectIndexerAttribute: 6d391050e5a25f67b0a2c618074f2cd9 -> 
  custom:container-demuxer-webm: 4f35f7cbe854078d1ac9338744f61a02 -> 
  custom:container-muxer-webm: aa71ff27fc2769a1b78a27578f13a17b -> 
  custom:video-decoder-webm-vp8: 9c59270c3fd7afecdb556c50c9e8de78 -> 
  custom:SearchIndexIgnoredProperties: e643bd26f0fe6173181afceb89e7c659 -> 
  custom:AudioImporter_EditorPlatform: d09bf68614088b80899f8185d706f6e7 -> 
  custom:video-encoder-webm-vp8: eb34c28f22e8b96e1ab97ce403110664 -> 
  custom:audio-decoder-ogg-vorbis: bf7c407c2cedff20999df2af8eb42d56 -> 
  custom:audio-encoder-webm-vorbis: bf7c407c2cedff20999df2af8eb42d56 -> 
========================================================================
Received Prepare
Begin MonoManager ReloadAssembly
Symbol file data-0000014894B08010 doesn't match image C:\Users\doria\OneDrive\Bureau\YNOV\B2_Info\ProjetsYdays\YFIGHTER-Unity\YFIGHTER\Library\ScriptAssemblies\Unity.Timeline.dll
Symbol file LoadedFromMemory is not a mono symbol file
Symbol file data-000001488B4FB010 doesn't match image C:\Users\doria\OneDrive\Bureau\YNOV\B2_Info\ProjetsYdays\YFIGHTER-Unity\YFIGHTER\Library\ScriptAssemblies\Unity.InputSystem.dll
Symbol file LoadedFromMemory is not a mono symbol file
Symbol file data-0000014895654FA0 doesn't match image C:\Users\doria\OneDrive\Bureau\YNOV\B2_Info\ProjetsYdays\YFIGHTER-Unity\YFIGHTER\Library\ScriptAssemblies\Unity.InputSystem.ForUI.dll
Symbol file LoadedFromMemory is not a mono symbol file
Symbol file data-0000014895654FA0 doesn't match image C:\Users\doria\OneDrive\Bureau\YNOV\B2_Info\ProjetsYdays\YFIGHTER-Unity\YFIGHTER\Library\ScriptAssemblies\Unity.TestTools.CodeCoverage.Editor.OpenCover.Mono.Reflection.dll
Symbol file LoadedFromMemory is not a mono symbol file
Symbol file data-0000014889F24020 doesn't match image C:\Users\doria\OneDrive\Bureau\YNOV\B2_Info\ProjetsYdays\YFIGHTER-Unity\YFIGHTER\Library\ScriptAssemblies\UnityEngine.UI.dll
Symbol file LoadedFromMemory is not a mono symbol file
Symbol file data-0000014895654FA0 doesn't match image C:\Users\doria\OneDrive\Bureau\YNOV\B2_Info\ProjetsYdays\YFIGHTER-Unity\YFIGHTER\Library\ScriptAssemblies\Unity.EditorCoroutines.Editor.dll
Symbol file LoadedFromMemory is not a mono symbol file
Symbol file data-0000014888AB7C80 doesn't match image C:\Users\doria\OneDrive\Bureau\YNOV\B2_Info\ProjetsYdays\YFIGHTER-Unity\YFIGHTER\Library\ScriptAssemblies\Unity.VisualScripting.SettingsProvider.Editor.dll
Symbol file LoadedFromMemory is not a mono symbol file
Symbol file data-000001488A139010 doesn't match image C:\Users\doria\OneDrive\Bureau\YNOV\B2_Info\ProjetsYdays\YFIGHTER-Unity\YFIGHTER\Library\ScriptAssemblies\Unity.Performance.Profile-Analyzer.Editor.dll
Symbol file LoadedFromMemory is not a mono symbol file
Symbol file data-00000148D5DAA020 doesn't match image C:\Users\doria\OneDrive\Bureau\YNOV\B2_Info\ProjetsYdays\YFIGHTER-Unity\YFIGHTER\Library\ScriptAssemblies\Unity.TestTools.CodeCoverage.Editor.dll
Symbol file LoadedFromMemory is not a mono symbol file
Symbol file data-00000146FB340A80 doesn't match image C:\Users\doria\OneDrive\Bureau\YNOV\B2_Info\ProjetsYdays\YFIGHTER-Unity\YFIGHTER\Library\ScriptAssemblies\Unity.TestTools.CodeCoverage.Editor.OpenCover.Model.dll
Symbol file LoadedFromMemory is not a mono symbol file
Symbol file data-0000014895503220 doesn't match image C:\Users\doria\OneDrive\Bureau\YNOV\B2_Info\ProjetsYdays\YFIGHTER-Unity\YFIGHTER\Library\ScriptAssemblies\Unity.PlasticSCM.Editor.dll
Symbol file LoadedFromMemory is not a mono symbol file
Symbol file data-00000148D5A12020 doesn't match image C:\Users\doria\OneDrive\Bureau\YNOV\B2_Info\ProjetsYdays\YFIGHTER-Unity\YFIGHTER\Library\ScriptAssemblies\UnityEngine.TestRunner.dll
Symbol file LoadedFromMemory is not a mono symbol file
Symbol file data-00000148884F4DD0 doesn't match image C:\Users\doria\OneDrive\Bureau\YNOV\B2_Info\ProjetsYdays\YFIGHTER-Unity\YFIGHTER\Library\ScriptAssemblies\Unity.VisualScripting.State.Editor.dll
Symbol file LoadedFromMemory is not a mono symbol file
Symbol file data-00000148953D6D80 doesn't match image C:\Users\doria\OneDrive\Bureau\YNOV\B2_Info\ProjetsYdays\YFIGHTER-Unity\YFIGHTER\Library\ScriptAssemblies\Unity.Timeline.Editor.dll
Symbol file LoadedFromMemory is not a mono symbol file
Symbol file data-0000014889F53AA0 doesn't match image C:\Users\doria\OneDrive\Bureau\YNOV\B2_Info\ProjetsYdays\YFIGHTER-Unity\YFIGHTER\Library\ScriptAssemblies\Unity.Settings.Editor.dll
Symbol file LoadedFromMemory is not a mono symbol file
Symbol file data-0000014888AB7C80 doesn't match image C:\Users\doria\OneDrive\Bureau\YNOV\B2_Info\ProjetsYdays\YFIGHTER-Unity\YFIGHTER\Library\ScriptAssemblies\Unity.VisualScripting.Shared.Editor.dll
Symbol file LoadedFromMemory is not a mono symbol file
Symbol file data-0000014888AB7C80 doesn't match image C:\Users\doria\OneDrive\Bureau\YNOV\B2_Info\ProjetsYdays\YFIGHTER-Unity\YFIGHTER\Library\ScriptAssemblies\Unity.CollabProxy.Editor.dll
Symbol file LoadedFromMemory is not a mono symbol file
Symbol file data-00000148D5DAA020 doesn't match image C:\Users\doria\OneDrive\Bureau\YNOV\B2_Info\ProjetsYdays\YFIGHTER-Unity\YFIGHTER\Library\ScriptAssemblies\Unity.VisualStudio.Editor.dll
Symbol file LoadedFromMemory is not a mono symbol file
Symbol file data-00000148443C5010 doesn't match image C:\Users\doria\OneDrive\Bureau\YNOV\B2_Info\ProjetsYdays\YFIGHTER-Unity\YFIGHTER\Library\ScriptAssemblies\Unity.TextMeshPro.dll
Symbol file LoadedFromMemory is not a mono symbol file
Symbol file data-0000014895503220 doesn't match image C:\Users\doria\OneDrive\Bureau\YNOV\B2_Info\ProjetsYdays\YFIGHTER-Unity\YFIGHTER\Library\ScriptAssemblies\Unity.VisualScripting.Core.dll
Symbol file LoadedFromMemory is not a mono symbol file
Symbol file data-0000014888B34040 doesn't match image C:\Users\doria\OneDrive\Bureau\YNOV\B2_Info\ProjetsYdays\YFIGHTER-Unity\YFIGHTER\Library\ScriptAssemblies\Unity.TextMeshPro.Editor.dll
Symbol file LoadedFromMemory is not a mono symbol file
Symbol file data-00000148884F4DD0 doesn't match image C:\Users\doria\OneDrive\Bureau\YNOV\B2_Info\ProjetsYdays\YFIGHTER-Unity\YFIGHTER\Library\ScriptAssemblies\UnityEditor.UI.dll
Symbol file LoadedFromMemory is not a mono symbol file
Symbol file data-00000148953D6D80 doesn't match image C:\Users\doria\OneDrive\Bureau\YNOV\B2_Info\ProjetsYdays\YFIGHTER-Unity\YFIGHTER\Library\ScriptAssemblies\Unity.VisualScripting.Core.Editor.dll
Symbol file LoadedFromMemory is not a mono symbol file
Symbol file data-000001488B37D020 doesn't match image C:\Users\doria\OneDrive\Bureau\YNOV\B2_Info\ProjetsYdays\YFIGHTER-Unity\YFIGHTER\Library\ScriptAssemblies\Unity.Rider.Editor.dll
Symbol file LoadedFromMemory is not a mono symbol file
Symbol file data-00000146FB340A80 doesn't match image C:\Users\doria\OneDrive\Bureau\YNOV\B2_Info\ProjetsYdays\YFIGHTER-Unity\YFIGHTER\Library\ScriptAssemblies\Unity.VisualScripting.State.dll
Symbol file LoadedFromMemory is not a mono symbol file
Symbol file data-00000146FB340A80 doesn't match image C:\Users\doria\OneDrive\Bureau\YNOV\B2_Info\ProjetsYdays\YFIGHTER-Unity\YFIGHTER\Library\ScriptAssemblies\Unity.VSCode.Editor.dll
Symbol file LoadedFromMemory is not a mono symbol file
Symbol file data-000001488A139010 doesn't match image C:\Users\doria\OneDrive\Bureau\YNOV\B2_Info\ProjetsYdays\YFIGHTER-Unity\YFIGHTER\Library\ScriptAssemblies\UnityEditor.TestRunner.dll
Symbol file LoadedFromMemory is not a mono symbol file
Symbol file data-000001488989D4C0 doesn't match image C:\Users\doria\OneDrive\Bureau\YNOV\B2_Info\ProjetsYdays\YFIGHTER-Unity\YFIGHTER\Library\ScriptAssemblies\Unity.VisualScripting.Flow.dll
Symbol file LoadedFromMemory is not a mono symbol file
Symbol file data-000001488A139010 doesn't match image C:\Users\doria\OneDrive\Bureau\YNOV\B2_Info\ProjetsYdays\YFIGHTER-Unity\YFIGHTER\Library\ScriptAssemblies\Unity.VisualScripting.Flow.Editor.dll
Symbol file LoadedFromMemory is not a mono symbol file
- Loaded All Assemblies, in  0.396 seconds
Refreshing native plugins compatible for Editor in 2.95 ms, found 3 plugins.
Native extension for LinuxStandalone target not found
Native extension for WindowsStandalone target not found
[Package Manager] Server::EnsureServerProcessIsRunning -- launch failed, reason: Unity was launched with the -noUpm command-line argument
[Package Manager] UpmClient::Send -- Unable to send message (not connected to UPM process).
[Package Manager] Cannot connect to Unity Package Manager local server
Mono: successfully reloaded assembly
- Finished resetting the current domain, in  0.979 seconds
Domain Reload Profiling: 1372ms
	BeginReloadAssembly (140ms)
		ExecutionOrderSort (0ms)
		DisableScriptedObjects (4ms)
		BackupInstance (0ms)
		ReleaseScriptingObjects (0ms)
		CreateAndSetChildDomain (31ms)
	RebuildCommonClasses (27ms)
	RebuildNativeTypeToScriptingClass (8ms)
	initialDomainReloadingComplete (24ms)
	LoadAllAssembliesAndSetupDomain (194ms)
		LoadAssemblies (247ms)
		RebuildTransferFunctionScriptingTraits (0ms)
		AnalyzeDomain (20ms)
			TypeCache.Refresh (7ms)
				TypeCache.ScanAssembly (0ms)
			ScanForSourceGeneratedMonoScriptInfo (9ms)
			ResolveRequiredComponents (4ms)
	FinalizeReload (979ms)
		ReleaseScriptCaches (0ms)
		RebuildScriptCaches (0ms)
		SetupLoadedEditorAssemblies (538ms)
			LogAssemblyErrors (0ms)
			InitializePlatformSupportModulesInManaged (10ms)
			SetLoadedEditorAssemblies (3ms)
			RefreshPlugins (0ms)
			BeforeProcessingInitializeOnLoad (55ms)
			ProcessInitializeOnLoadAttributes (447ms)
			ProcessInitializeOnLoadMethodAttributes (17ms)
			AfterProcessingInitializeOnLoad (6ms)
			EditorAssembliesLoaded (0ms)
		ExecutionOrderSort2 (0ms)
		AwakeInstancesAfterBackupRestoration (7ms)
Refreshing native plugins compatible for Editor in 3.13 ms, found 3 plugins.
Preloading 0 native plugins for Editor in 0.00 ms.
Unloading 3476 Unused Serialized files (Serialized files now loaded: 0)
Unloading 24 unused Assets / (31.7 KB). Loaded Objects now: 3974.
Memory consumption went from 136.7 MB to 136.7 MB.
Total: 2.618700 ms (FindLiveObjects: 0.180800 ms CreateObjectMapping: 0.108000 ms MarkObjects: 2.281900 ms  DeleteObjects: 0.047000 ms)

Prepare: number of updated asset objects reloaded= 0
AssetImportParameters requested are different than current active one (requested -> active):
  custom:container-demuxer-ogg: 62fdf1f143b41e24485cea50d1cbac27 -> 
  custom:video-codec-MediaFoundation-h265: 746d11721c4dcdbdad8f713fa42b33f4 -> 
  custom:video-decoder-ogg-theora: a1e56fd34408186e4bbccfd4996cb3dc -> 
  custom:framework-win-MediaFoundation: 216162199b28c13a410421893ffa2e32 -> 
  custom:CustomObjectIndexerAttribute: 6d391050e5a25f67b0a2c618074f2cd9 -> 
  custom:container-demuxer-webm: 4f35f7cbe854078d1ac9338744f61a02 -> 
  custom:container-muxer-webm: aa71ff27fc2769a1b78a27578f13a17b -> 
  custom:video-decoder-webm-vp8: 9c59270c3fd7afecdb556c50c9e8de78 -> 
  custom:SearchIndexIgnoredProperties: e643bd26f0fe6173181afceb89e7c659 -> 
  custom:AudioImporter_EditorPlatform: d09bf68614088b80899f8185d706f6e7 -> 
  custom:video-encoder-webm-vp8: eb34c28f22e8b96e1ab97ce403110664 -> 
  custom:audio-decoder-ogg-vorbis: bf7c407c2cedff20999df2af8eb42d56 -> 
  custom:audio-encoder-webm-vorbis: bf7c407c2cedff20999df2af8eb42d56 -> 
========================================================================
Received Prepare
Begin MonoManager ReloadAssembly
Symbol file data-0000014894B08010 doesn't match image C:\Users\doria\OneDrive\Bureau\YNOV\B2_Info\ProjetsYdays\YFIGHTER-Unity\YFIGHTER\Library\ScriptAssemblies\Unity.Timeline.dll
Symbol file LoadedFromMemory is not a mono symbol file
Symbol file data-000001488B4FB010 doesn't match image C:\Users\doria\OneDrive\Bureau\YNOV\B2_Info\ProjetsYdays\YFIGHTER-Unity\YFIGHTER\Library\ScriptAssemblies\Unity.InputSystem.dll
Symbol file LoadedFromMemory is not a mono symbol file
Symbol file data-0000014895654FA0 doesn't match image C:\Users\doria\OneDrive\Bureau\YNOV\B2_Info\ProjetsYdays\YFIGHTER-Unity\YFIGHTER\Library\ScriptAssemblies\Unity.InputSystem.ForUI.dll
Symbol file LoadedFromMemory is not a mono symbol file
Symbol file data-0000014895654FA0 doesn't match image C:\Users\doria\OneDrive\Bureau\YNOV\B2_Info\ProjetsYdays\YFIGHTER-Unity\YFIGHTER\Library\ScriptAssemblies\Unity.TestTools.CodeCoverage.Editor.OpenCover.Mono.Reflection.dll
Symbol file LoadedFromMemory is not a mono symbol file
Symbol file data-000001488B5C9020 doesn't match image C:\Users\doria\OneDrive\Bureau\YNOV\B2_Info\ProjetsYdays\YFIGHTER-Unity\YFIGHTER\Library\ScriptAssemblies\UnityEngine.UI.dll
Symbol file LoadedFromMemory is not a mono symbol file
Symbol file data-0000014895654FA0 doesn't match image C:\Users\doria\OneDrive\Bureau\YNOV\B2_Info\ProjetsYdays\YFIGHTER-Unity\YFIGHTER\Library\ScriptAssemblies\Unity.EditorCoroutines.Editor.dll
Symbol file LoadedFromMemory is not a mono symbol file
Symbol file data-000001488B877020 doesn't match image C:\Users\doria\OneDrive\Bureau\YNOV\B2_Info\ProjetsYdays\YFIGHTER-Unity\YFIGHTER\Library\ScriptAssemblies\Unity.VisualScripting.SettingsProvider.Editor.dll
Symbol file LoadedFromMemory is not a mono symbol file
Symbol file data-00000148896A2010 doesn't match image C:\Users\doria\OneDrive\Bureau\YNOV\B2_Info\ProjetsYdays\YFIGHTER-Unity\YFIGHTER\Library\ScriptAssemblies\Unity.Performance.Profile-Analyzer.Editor.dll
Symbol file LoadedFromMemory is not a mono symbol file
Symbol file data-0000014894C4B010 doesn't match image C:\Users\doria\OneDrive\Bureau\YNOV\B2_Info\ProjetsYdays\YFIGHTER-Unity\YFIGHTER\Library\ScriptAssemblies\Unity.TestTools.CodeCoverage.Editor.dll
Symbol file LoadedFromMemory is not a mono symbol file
Symbol file data-0000014889F53AA0 doesn't match image C:\Users\doria\OneDrive\Bureau\YNOV\B2_Info\ProjetsYdays\YFIGHTER-Unity\YFIGHTER\Library\ScriptAssemblies\Unity.TestTools.CodeCoverage.Editor.OpenCover.Model.dll
Symbol file LoadedFromMemory is not a mono symbol file
Symbol file data-000001488B1F1030 doesn't match image C:\Users\doria\OneDrive\Bureau\YNOV\B2_Info\ProjetsYdays\YFIGHTER-Unity\YFIGHTER\Library\ScriptAssemblies\Unity.PlasticSCM.Editor.dll
Symbol file LoadedFromMemory is not a mono symbol file
Symbol file data-00000148D5A12020 doesn't match image C:\Users\doria\OneDrive\Bureau\YNOV\B2_Info\ProjetsYdays\YFIGHTER-Unity\YFIGHTER\Library\ScriptAssemblies\UnityEngine.TestRunner.dll
Symbol file LoadedFromMemory is not a mono symbol file
Symbol file data-00000148884F4DD0 doesn't match image C:\Users\doria\OneDrive\Bureau\YNOV\B2_Info\ProjetsYdays\YFIGHTER-Unity\YFIGHTER\Library\ScriptAssemblies\Unity.VisualScripting.State.Editor.dll
Symbol file LoadedFromMemory is not a mono symbol file
Symbol file data-00000146C291B060 doesn't match image C:\Users\doria\OneDrive\Bureau\YNOV\B2_Info\ProjetsYdays\YFIGHTER-Unity\YFIGHTER\Library\ScriptAssemblies\Unity.Timeline.Editor.dll
Symbol file LoadedFromMemory is not a mono symbol file
Symbol file data-0000014889F53AA0 doesn't match image C:\Users\doria\OneDrive\Bureau\YNOV\B2_Info\ProjetsYdays\YFIGHTER-Unity\YFIGHTER\Library\ScriptAssemblies\Unity.Settings.Editor.dll
Symbol file LoadedFromMemory is not a mono symbol file
Symbol file data-000001488B877020 doesn't match image C:\Users\doria\OneDrive\Bureau\YNOV\B2_Info\ProjetsYdays\YFIGHTER-Unity\YFIGHTER\Library\ScriptAssemblies\Unity.VisualScripting.Shared.Editor.dll
Symbol file LoadedFromMemory is not a mono symbol file
Symbol file data-000001488B877020 doesn't match image C:\Users\doria\OneDrive\Bureau\YNOV\B2_Info\ProjetsYdays\YFIGHTER-Unity\YFIGHTER\Library\ScriptAssemblies\Unity.CollabProxy.Editor.dll
Symbol file LoadedFromMemory is not a mono symbol file
Symbol file data-000001484460E010 doesn't match image C:\Users\doria\OneDrive\Bureau\YNOV\B2_Info\ProjetsYdays\YFIGHTER-Unity\YFIGHTER\Library\ScriptAssemblies\Unity.VisualStudio.Editor.dll
Symbol file LoadedFromMemory is not a mono symbol file
Symbol file data-0000014888222010 doesn't match image C:\Users\doria\OneDrive\Bureau\YNOV\B2_Info\ProjetsYdays\YFIGHTER-Unity\YFIGHTER\Library\ScriptAssemblies\Unity.TextMeshPro.dll
Symbol file LoadedFromMemory is not a mono symbol file
Symbol file data-000001488B1F1030 doesn't match image C:\Users\doria\OneDrive\Bureau\YNOV\B2_Info\ProjetsYdays\YFIGHTER-Unity\YFIGHTER\Library\ScriptAssemblies\Unity.VisualScripting.Core.dll
Symbol file LoadedFromMemory is not a mono symbol file
Symbol file data-000001488989D4C0 doesn't match image C:\Users\doria\OneDrive\Bureau\YNOV\B2_Info\ProjetsYdays\YFIGHTER-Unity\YFIGHTER\Library\ScriptAssemblies\Unity.TextMeshPro.Editor.dll
Symbol file LoadedFromMemory is not a mono symbol file
Symbol file data-00000148884F4DD0 doesn't match image C:\Users\doria\OneDrive\Bureau\YNOV\B2_Info\ProjetsYdays\YFIGHTER-Unity\YFIGHTER\Library\ScriptAssemblies\UnityEditor.UI.dll
Symbol file LoadedFromMemory is not a mono symbol file
Symbol file data-000001488B187D90 doesn't match image C:\Users\doria\OneDrive\Bureau\YNOV\B2_Info\ProjetsYdays\YFIGHTER-Unity\YFIGHTER\Library\ScriptAssemblies\Unity.VisualScripting.Core.Editor.dll
Symbol file LoadedFromMemory is not a mono symbol file
Symbol file data-000001489530EC60 doesn't match image C:\Users\doria\OneDrive\Bureau\YNOV\B2_Info\ProjetsYdays\YFIGHTER-Unity\YFIGHTER\Library\ScriptAssemblies\Unity.Rider.Editor.dll
Symbol file LoadedFromMemory is not a mono symbol file
Symbol file data-0000014889F53AA0 doesn't match image C:\Users\doria\OneDrive\Bureau\YNOV\B2_Info\ProjetsYdays\YFIGHTER-Unity\YFIGHTER\Library\ScriptAssemblies\Unity.VisualScripting.State.dll
Symbol file LoadedFromMemory is not a mono symbol file
Symbol file data-0000014889F53AA0 doesn't match image C:\Users\doria\OneDrive\Bureau\YNOV\B2_Info\ProjetsYdays\YFIGHTER-Unity\YFIGHTER\Library\ScriptAssemblies\Unity.VSCode.Editor.dll
Symbol file LoadedFromMemory is not a mono symbol file
Symbol file data-00000148896A2010 doesn't match image C:\Users\doria\OneDrive\Bureau\YNOV\B2_Info\ProjetsYdays\YFIGHTER-Unity\YFIGHTER\Library\ScriptAssemblies\UnityEditor.TestRunner.dll
Symbol file LoadedFromMemory is not a mono symbol file
Symbol file data-00000148933D6020 doesn't match image C:\Users\doria\OneDrive\Bureau\YNOV\B2_Info\ProjetsYdays\YFIGHTER-Unity\YFIGHTER\Library\ScriptAssemblies\Unity.VisualScripting.Flow.dll
Symbol file LoadedFromMemory is not a mono symbol file
Symbol file data-00000148896A2010 doesn't match image C:\Users\doria\OneDrive\Bureau\YNOV\B2_Info\ProjetsYdays\YFIGHTER-Unity\YFIGHTER\Library\ScriptAssemblies\Unity.VisualScripting.Flow.Editor.dll
Symbol file LoadedFromMemory is not a mono symbol file
- Loaded All Assemblies, in  0.694 seconds
Refreshing native plugins compatible for Editor in 7.64 ms, found 3 plugins.
Native extension for LinuxStandalone target not found
Native extension for WindowsStandalone target not found
[Package Manager] Server::EnsureServerProcessIsRunning -- launch failed, reason: Unity was launched with the -noUpm command-line argument
[Package Manager] UpmClient::Send -- Unable to send message (not connected to UPM process).
[Package Manager] Cannot connect to Unity Package Manager local server
Mono: successfully reloaded assembly
- Finished resetting the current domain, in  1.739 seconds
Domain Reload Profiling: 2428ms
	BeginReloadAssembly (227ms)
		ExecutionOrderSort (0ms)
		DisableScriptedObjects (7ms)
		BackupInstance (0ms)
		ReleaseScriptingObjects (0ms)
		CreateAndSetChildDomain (41ms)
	RebuildCommonClasses (42ms)
	RebuildNativeTypeToScriptingClass (15ms)
	initialDomainReloadingComplete (46ms)
	LoadAllAssembliesAndSetupDomain (358ms)
		LoadAssemblies (453ms)
		RebuildTransferFunctionScriptingTraits (0ms)
		AnalyzeDomain (36ms)
			TypeCache.Refresh (11ms)
				TypeCache.ScanAssembly (0ms)
			ScanForSourceGeneratedMonoScriptInfo (15ms)
			ResolveRequiredComponents (8ms)
	FinalizeReload (1740ms)
		ReleaseScriptCaches (0ms)
		RebuildScriptCaches (0ms)
		SetupLoadedEditorAssemblies (758ms)
			LogAssemblyErrors (0ms)
			InitializePlatformSupportModulesInManaged (18ms)
			SetLoadedEditorAssemblies (4ms)
			RefreshPlugins (0ms)
			BeforeProcessingInitializeOnLoad (91ms)
			ProcessInitializeOnLoadAttributes (625ms)
			ProcessInitializeOnLoadMethodAttributes (13ms)
			AfterProcessingInitializeOnLoad (7ms)
			EditorAssembliesLoaded (0ms)
		ExecutionOrderSort2 (0ms)
		AwakeInstancesAfterBackupRestoration (11ms)
Refreshing native plugins compatible for Editor in 2.82 ms, found 3 plugins.
Preloading 0 native plugins for Editor in 0.00 ms.
Unloading 3476 Unused Serialized files (Serialized files now loaded: 0)
Unloading 24 unused Assets / (31.6 KB). Loaded Objects now: 3977.
Memory consumption went from 138.7 MB to 138.6 MB.
Total: 2.768700 ms (FindLiveObjects: 0.168500 ms CreateObjectMapping: 0.089600 ms MarkObjects: 2.468900 ms  DeleteObjects: 0.040700 ms)

Prepare: number of updated asset objects reloaded= 0
AssetImportParameters requested are different than current active one (requested -> active):
  custom:container-demuxer-ogg: 62fdf1f143b41e24485cea50d1cbac27 -> 
  custom:video-codec-MediaFoundation-h265: 746d11721c4dcdbdad8f713fa42b33f4 -> 
  custom:video-decoder-ogg-theora: a1e56fd34408186e4bbccfd4996cb3dc -> 
  custom:framework-win-MediaFoundation: 216162199b28c13a410421893ffa2e32 -> 
  custom:CustomObjectIndexerAttribute: 6d391050e5a25f67b0a2c618074f2cd9 -> 
  custom:container-demuxer-webm: 4f35f7cbe854078d1ac9338744f61a02 -> 
  custom:container-muxer-webm: aa71ff27fc2769a1b78a27578f13a17b -> 
  custom:video-decoder-webm-vp8: 9c59270c3fd7afecdb556c50c9e8de78 -> 
  custom:SearchIndexIgnoredProperties: e643bd26f0fe6173181afceb89e7c659 -> 
  custom:AudioImporter_EditorPlatform: d09bf68614088b80899f8185d706f6e7 -> 
  custom:video-encoder-webm-vp8: eb34c28f22e8b96e1ab97ce403110664 -> 
  custom:audio-decoder-ogg-vorbis: bf7c407c2cedff20999df2af8eb42d56 -> 
  custom:audio-encoder-webm-vorbis: bf7c407c2cedff20999df2af8eb42d56 -> 
